[0.055s] Invoking command in '/home/athens/ros2_athens_ws/build/first_interfaces': CMAKE_PREFIX_PATH=${CMAKE_PREFIX_PATH}:/home/athens/ros2_athens_ws/install/first_package:/home/athens/ros2_ws/install/stm_visualization_node:/home/athens/ros2_ws/install/stm_setup:/home/athens/ros2_ws/install/stm_serial_node:/home/athens/ros2_ws/install/stm_control_node:/opt/ros/foxy /usr/bin/cmake /home/athens/ros2_athens_ws/src/first_interfaces -DCMAKE_INSTALL_PREFIX=/home/athens/ros2_athens_ws/install/first_interfaces
[0.790s] -- The C compiler identification is GNU 9.4.0
[1.469s] -- The CXX compiler identification is GNU 9.4.0
[1.509s] -- Check for working C compiler: /usr/bin/cc
[1.711s] -- Check for working C compiler: /usr/bin/cc -- works
[1.711s] -- Detecting C compiler ABI info
[1.897s] -- Detecting C compiler ABI info - done
[1.921s] -- Detecting C compile features
[1.925s] -- Detecting C compile features - done
[1.938s] -- Check for working CXX compiler: /usr/bin/c++
[2.132s] -- Check for working CXX compiler: /usr/bin/c++ -- works
[2.135s] -- Detecting CXX compiler ABI info
[2.313s] -- Detecting CXX compiler ABI info - done
[2.330s] -- Detecting CXX compile features
[2.331s] -- Detecting CXX compile features - done
[2.347s] -- Found rosidl_default_runtime: 1.0.1 (/opt/ros/foxy/share/rosidl_default_runtime/cmake)
[2.357s] -- Found ament_cmake_core: 0.9.12 (/opt/ros/foxy/share/ament_cmake_core/cmake)
[2.421s] -- Found PythonInterp: /usr/bin/python3 (found suitable version "3.8.10", minimum required is "3") 
[2.421s] -- Using PYTHON_EXECUTABLE: /usr/bin/python3
[3.055s] -- Using all available rosidl_typesupport_c: rosidl_typesupport_fastrtps_c;rosidl_typesupport_introspection_c
[3.099s] -- Found rosidl_adapter: 1.3.1 (/opt/ros/foxy/share/rosidl_adapter/cmake)
[3.449s] -- Found OpenSSL: /usr/lib/x86_64-linux-gnu/libcrypto.so (found version "1.1.1f")  
[3.515s] -- Found FastRTPS: /opt/ros/foxy/include  
[3.746s] -- Using all available rosidl_typesupport_cpp: rosidl_typesupport_fastrtps_cpp;rosidl_typesupport_introspection_cpp
[3.835s] -- Found std_msgs: 2.0.5 (/opt/ros/foxy/share/std_msgs/cmake)
[3.938s] CMake Error at /opt/ros/foxy/share/rosidl_cmake/cmake/rosidl_generate_interfaces.cmake:59 (message):
[3.938s]   rosidl_generate_interfaces() called without any interface files
[3.938s] Call Stack (most recent call first):
[3.938s]   CMakeLists.txt:27 (rosidl_generate_interfaces)
[3.938s] 
[3.938s] 
[3.939s] -- Configuring incomplete, errors occurred!
[3.939s] See also "/home/athens/ros2_athens_ws/build/first_interfaces/CMakeFiles/CMakeOutput.log".
[3.957s] Invoked command in '/home/athens/ros2_athens_ws/build/first_interfaces' returned '1': CMAKE_PREFIX_PATH=${CMAKE_PREFIX_PATH}:/home/athens/ros2_athens_ws/install/first_package:/home/athens/ros2_ws/install/stm_visualization_node:/home/athens/ros2_ws/install/stm_setup:/home/athens/ros2_ws/install/stm_serial_node:/home/athens/ros2_ws/install/stm_control_node:/opt/ros/foxy /usr/bin/cmake /home/athens/ros2_athens_ws/src/first_interfaces -DCMAKE_INSTALL_PREFIX=/home/athens/ros2_athens_ws/install/first_interfaces
