[0.607s] Invoking command in '/home/athens/ros2_athens_ws/src/first_package': PYTHONPATH=/home/athens/ros2_athens_ws/build/first_package/prefix_override:/usr/lib/python3/dist-packages/colcon_core/task/python/colcon_distutils_commands:/home/athens/ros2_athens_ws/install/first_package/lib/python3.8/site-packages:${PYTHONPATH} /usr/bin/python3 -W ignore:setup.py install is deprecated setup.py egg_info --egg-base ../../build/first_package build --build-base /home/athens/ros2_athens_ws/build/first_package/build install --record /home/athens/ros2_athens_ws/build/first_package/install.log --install-scripts $base/lib/first_package --single-version-externally-managed install_data
[0.839s] running egg_info
[0.840s] writing ../../build/first_package/first_package.egg-info/PKG-INFO
[0.840s] writing dependency_links to ../../build/first_package/first_package.egg-info/dependency_links.txt
[0.843s] writing entry points to ../../build/first_package/first_package.egg-info/entry_points.txt
[0.844s] writing requirements to ../../build/first_package/first_package.egg-info/requires.txt
[0.845s] writing top-level names to ../../build/first_package/first_package.egg-info/top_level.txt
[0.909s] reading manifest file '../../build/first_package/first_package.egg-info/SOURCES.txt'
[0.911s] writing manifest file '../../build/first_package/first_package.egg-info/SOURCES.txt'
[0.912s] running build
[0.912s] running build_py
[0.913s] copying first_package/simple_pubsub.py -> /home/athens/ros2_athens_ws/build/first_package/build/lib/first_package
[0.913s] running install
[0.914s] running install_lib
[0.916s] copying /home/athens/ros2_athens_ws/build/first_package/build/lib/first_package/simple_pubsub.py -> /home/athens/ros2_athens_ws/install/first_package/lib/python3.8/site-packages/first_package
[0.934s] byte-compiling /home/athens/ros2_athens_ws/install/first_package/lib/python3.8/site-packages/first_package/simple_pubsub.py to simple_pubsub.cpython-38.pyc
[0.935s] running install_data
[0.935s] running install_egg_info
[0.941s] removing '/home/athens/ros2_athens_ws/install/first_package/lib/python3.8/site-packages/first_package-0.0.0-py3.8.egg-info' (and everything under it)
[0.941s] Copying ../../build/first_package/first_package.egg-info to /home/athens/ros2_athens_ws/install/first_package/lib/python3.8/site-packages/first_package-0.0.0-py3.8.egg-info
[0.941s] running install_scripts
[0.980s] Installing simple_publisher_node script to /home/athens/ros2_athens_ws/install/first_package/lib/first_package
[0.980s] Installing simple_pubsub_node script to /home/athens/ros2_athens_ws/install/first_package/lib/first_package
[0.983s] Installing simple_subscriber_node script to /home/athens/ros2_athens_ws/install/first_package/lib/first_package
[0.988s] writing list of installed files to '/home/athens/ros2_athens_ws/build/first_package/install.log'
[1.031s] Invoked command in '/home/athens/ros2_athens_ws/src/first_package' returned '0': PYTHONPATH=/home/athens/ros2_athens_ws/build/first_package/prefix_override:/usr/lib/python3/dist-packages/colcon_core/task/python/colcon_distutils_commands:/home/athens/ros2_athens_ws/install/first_package/lib/python3.8/site-packages:${PYTHONPATH} /usr/bin/python3 -W ignore:setup.py install is deprecated setup.py egg_info --egg-base ../../build/first_package build --build-base /home/athens/ros2_athens_ws/build/first_package/build install --record /home/athens/ros2_athens_ws/build/first_package/install.log --install-scripts $base/lib/first_package --single-version-externally-managed install_data
