[0.171s] DEBUG:colcon:Command line arguments: ['/usr/bin/colcon', 'build']
[0.171s] DEBUG:colcon:Parsed command line arguments: Namespace(allow_overriding=[], ament_cmake_args=None, base_paths=['.'], build_base='build', catkin_cmake_args=None, catkin_skip_building_tests=False, cmake_args=None, cmake_clean_cache=False, cmake_clean_first=False, cmake_force_configure=False, cmake_target=None, cmake_target_skip_unavailable=False, continue_on_error=False, event_handlers=None, executor='parallel', ignore_user_meta=False, install_base='install', log_base=None, log_level=None, main=<bound method BuildVerb.main of <colcon_core.verb.build.BuildVerb object at 0x7f45f95077c0>>, merge_install=False, metas=['./colcon.meta'], mixin=None, mixin_files=None, mixin_verb=('build',), packages_above=None, packages_above_and_dependencies=None, packages_above_depth=None, packages_end=None, packages_ignore=None, packages_ignore_regex=None, packages_select=None, packages_select_build_failed=False, packages_select_by_dep=None, packages_select_regex=None, packages_select_test_failures=False, packages_skip=None, packages_skip_build_finished=False, packages_skip_by_dep=None, packages_skip_regex=None, packages_skip_test_passed=False, packages_skip_up_to=None, packages_start=None, packages_up_to=None, packages_up_to_regex=None, parallel_workers=6, paths=None, symlink_install=False, test_result_base=None, verb_extension=<colcon_core.verb.build.BuildVerb object at 0x7f45f95077c0>, verb_name='build', verb_parser=<colcon_mixin.mixin.mixin_argument.MixinArgumentDecorator object at 0x7f45f9482b80>)
[0.285s] Level 1:colcon.colcon_core.package_discovery:discover_packages(colcon_meta) check parameters
[0.285s] Level 1:colcon.colcon_core.package_discovery:discover_packages(recursive) check parameters
[0.285s] Level 1:colcon.colcon_core.package_discovery:discover_packages(ignore) check parameters
[0.285s] Level 1:colcon.colcon_core.package_discovery:discover_packages(path) check parameters
[0.285s] Level 1:colcon.colcon_core.package_discovery:discover_packages(colcon_meta) discover
[0.285s] Level 1:colcon.colcon_core.package_discovery:discover_packages(recursive) discover
[0.285s] INFO:colcon.colcon_core.package_discovery:Crawling recursively for packages in '/home/athens/ros2_athens_ws'
[0.285s] Level 1:colcon.colcon_core.package_identification:_identify(.) by extensions ['ignore', 'ignore_ament_install']
[0.285s] Level 1:colcon.colcon_core.package_identification:_identify(.) by extension 'ignore'
[0.285s] Level 1:colcon.colcon_core.package_identification:_identify(.) by extension 'ignore_ament_install'
[0.285s] Level 1:colcon.colcon_core.package_identification:_identify(.) by extensions ['colcon_pkg']
[0.286s] Level 1:colcon.colcon_core.package_identification:_identify(.) by extension 'colcon_pkg'
[0.286s] Level 1:colcon.colcon_core.package_identification:_identify(.) by extensions ['colcon_meta']
[0.286s] Level 1:colcon.colcon_core.package_identification:_identify(.) by extension 'colcon_meta'
[0.286s] Level 1:colcon.colcon_core.package_identification:_identify(.) by extensions ['ros']
[0.286s] Level 1:colcon.colcon_core.package_identification:_identify(.) by extension 'ros'
[0.294s] Level 1:colcon.colcon_core.package_identification:_identify(.) by extensions ['cmake', 'python']
[0.294s] Level 1:colcon.colcon_core.package_identification:_identify(.) by extension 'cmake'
[0.294s] Level 1:colcon.colcon_core.package_identification:_identify(.) by extension 'python'
[0.294s] Level 1:colcon.colcon_core.package_identification:_identify(.) by extensions ['python_setup_py']
[0.294s] Level 1:colcon.colcon_core.package_identification:_identify(.) by extension 'python_setup_py'
[0.294s] Level 1:colcon.colcon_core.package_identification:_identify(build) by extensions ['ignore', 'ignore_ament_install']
[0.294s] Level 1:colcon.colcon_core.package_identification:_identify(build) by extension 'ignore'
[0.294s] Level 1:colcon.colcon_core.package_identification:_identify(build) ignored
[0.294s] Level 1:colcon.colcon_core.package_identification:_identify(install) by extensions ['ignore', 'ignore_ament_install']
[0.295s] Level 1:colcon.colcon_core.package_identification:_identify(install) by extension 'ignore'
[0.295s] Level 1:colcon.colcon_core.package_identification:_identify(install) ignored
[0.295s] Level 1:colcon.colcon_core.package_identification:_identify(log) by extensions ['ignore', 'ignore_ament_install']
[0.295s] Level 1:colcon.colcon_core.package_identification:_identify(log) by extension 'ignore'
[0.295s] Level 1:colcon.colcon_core.package_identification:_identify(log) ignored
[0.295s] Level 1:colcon.colcon_core.package_identification:_identify(src) by extensions ['ignore', 'ignore_ament_install']
[0.295s] Level 1:colcon.colcon_core.package_identification:_identify(src) by extension 'ignore'
[0.295s] Level 1:colcon.colcon_core.package_identification:_identify(src) by extension 'ignore_ament_install'
[0.295s] Level 1:colcon.colcon_core.package_identification:_identify(src) by extensions ['colcon_pkg']
[0.295s] Level 1:colcon.colcon_core.package_identification:_identify(src) by extension 'colcon_pkg'
[0.295s] Level 1:colcon.colcon_core.package_identification:_identify(src) by extensions ['colcon_meta']
[0.295s] Level 1:colcon.colcon_core.package_identification:_identify(src) by extension 'colcon_meta'
[0.295s] Level 1:colcon.colcon_core.package_identification:_identify(src) by extensions ['ros']
[0.295s] Level 1:colcon.colcon_core.package_identification:_identify(src) by extension 'ros'
[0.295s] Level 1:colcon.colcon_core.package_identification:_identify(src) by extensions ['cmake', 'python']
[0.295s] Level 1:colcon.colcon_core.package_identification:_identify(src) by extension 'cmake'
[0.295s] Level 1:colcon.colcon_core.package_identification:_identify(src) by extension 'python'
[0.295s] Level 1:colcon.colcon_core.package_identification:_identify(src) by extensions ['python_setup_py']
[0.295s] Level 1:colcon.colcon_core.package_identification:_identify(src) by extension 'python_setup_py'
[0.295s] Level 1:colcon.colcon_core.package_identification:_identify(src/first_interfaces) by extensions ['ignore', 'ignore_ament_install']
[0.295s] Level 1:colcon.colcon_core.package_identification:_identify(src/first_interfaces) by extension 'ignore'
[0.295s] Level 1:colcon.colcon_core.package_identification:_identify(src/first_interfaces) by extension 'ignore_ament_install'
[0.296s] Level 1:colcon.colcon_core.package_identification:_identify(src/first_interfaces) by extensions ['colcon_pkg']
[0.296s] Level 1:colcon.colcon_core.package_identification:_identify(src/first_interfaces) by extension 'colcon_pkg'
[0.296s] Level 1:colcon.colcon_core.package_identification:_identify(src/first_interfaces) by extensions ['colcon_meta']
[0.296s] Level 1:colcon.colcon_core.package_identification:_identify(src/first_interfaces) by extension 'colcon_meta'
[0.296s] Level 1:colcon.colcon_core.package_identification:_identify(src/first_interfaces) by extensions ['ros']
[0.296s] Level 1:colcon.colcon_core.package_identification:_identify(src/first_interfaces) by extension 'ros'
[0.298s] DEBUG:colcon.colcon_core.package_identification:Package 'src/first_interfaces' with type 'ros.ament_cmake' and name 'first_interfaces'
[0.298s] Level 1:colcon.colcon_core.package_identification:_identify(src/first_package) by extensions ['ignore', 'ignore_ament_install']
[0.298s] Level 1:colcon.colcon_core.package_identification:_identify(src/first_package) by extension 'ignore'
[0.298s] Level 1:colcon.colcon_core.package_identification:_identify(src/first_package) by extension 'ignore_ament_install'
[0.298s] Level 1:colcon.colcon_core.package_identification:_identify(src/first_package) by extensions ['colcon_pkg']
[0.298s] Level 1:colcon.colcon_core.package_identification:_identify(src/first_package) by extension 'colcon_pkg'
[0.298s] Level 1:colcon.colcon_core.package_identification:_identify(src/first_package) by extensions ['colcon_meta']
[0.298s] Level 1:colcon.colcon_core.package_identification:_identify(src/first_package) by extension 'colcon_meta'
[0.298s] Level 1:colcon.colcon_core.package_identification:_identify(src/first_package) by extensions ['ros']
[0.298s] Level 1:colcon.colcon_core.package_identification:_identify(src/first_package) by extension 'ros'
[0.299s] DEBUG:colcon.colcon_core.package_identification:Package 'src/first_package' with type 'ros.ament_python' and name 'first_package'
[0.299s] Level 1:colcon.colcon_core.package_discovery:discover_packages(recursive) using defaults
[0.299s] Level 1:colcon.colcon_core.package_discovery:discover_packages(ignore) discover
[0.299s] Level 1:colcon.colcon_core.package_discovery:discover_packages(ignore) using defaults
[0.299s] Level 1:colcon.colcon_core.package_discovery:discover_packages(path) discover
[0.299s] Level 1:colcon.colcon_core.package_discovery:discover_packages(path) using defaults
[0.311s] Level 1:colcon.colcon_core.package_discovery:discover_packages(prefix_path) check parameters
[0.311s] Level 1:colcon.colcon_core.package_discovery:discover_packages(prefix_path) discover
[0.312s] DEBUG:colcon.colcon_installed_package_information.package_discovery:Found 2 installed packages in /home/athens/ros2_athens_ws/install
[0.313s] DEBUG:colcon.colcon_installed_package_information.package_discovery:Found 6 installed packages in /home/athens/ros2_ws/install
[0.313s] DEBUG:colcon.colcon_installed_package_information.package_discovery:Found 256 installed packages in /opt/ros/foxy
[0.322s] Level 1:colcon.colcon_core.package_discovery:discover_packages(prefix_path) using defaults
[0.369s] Level 5:colcon.colcon_core.verb:set package 'first_interfaces' build argument 'cmake_args' from command line to 'None'
[0.369s] Level 5:colcon.colcon_core.verb:set package 'first_interfaces' build argument 'cmake_target' from command line to 'None'
[0.369s] Level 5:colcon.colcon_core.verb:set package 'first_interfaces' build argument 'cmake_target_skip_unavailable' from command line to 'False'
[0.369s] Level 5:colcon.colcon_core.verb:set package 'first_interfaces' build argument 'cmake_clean_cache' from command line to 'False'
[0.369s] Level 5:colcon.colcon_core.verb:set package 'first_interfaces' build argument 'cmake_clean_first' from command line to 'False'
[0.369s] Level 5:colcon.colcon_core.verb:set package 'first_interfaces' build argument 'cmake_force_configure' from command line to 'False'
[0.369s] Level 5:colcon.colcon_core.verb:set package 'first_interfaces' build argument 'ament_cmake_args' from command line to 'None'
[0.369s] Level 5:colcon.colcon_core.verb:set package 'first_interfaces' build argument 'catkin_cmake_args' from command line to 'None'
[0.369s] Level 5:colcon.colcon_core.verb:set package 'first_interfaces' build argument 'catkin_skip_building_tests' from command line to 'False'
[0.369s] DEBUG:colcon.colcon_core.verb:Building package 'first_interfaces' with the following arguments: {'ament_cmake_args': None, 'build_base': '/home/athens/ros2_athens_ws/build/first_interfaces', 'catkin_cmake_args': None, 'catkin_skip_building_tests': False, 'cmake_args': None, 'cmake_clean_cache': False, 'cmake_clean_first': False, 'cmake_force_configure': False, 'cmake_target': None, 'cmake_target_skip_unavailable': False, 'install_base': '/home/athens/ros2_athens_ws/install/first_interfaces', 'merge_install': False, 'path': '/home/athens/ros2_athens_ws/src/first_interfaces', 'symlink_install': False, 'test_result_base': None}
[0.370s] Level 5:colcon.colcon_core.verb:set package 'first_package' build argument 'cmake_args' from command line to 'None'
[0.370s] Level 5:colcon.colcon_core.verb:set package 'first_package' build argument 'cmake_target' from command line to 'None'
[0.370s] Level 5:colcon.colcon_core.verb:set package 'first_package' build argument 'cmake_target_skip_unavailable' from command line to 'False'
[0.370s] Level 5:colcon.colcon_core.verb:set package 'first_package' build argument 'cmake_clean_cache' from command line to 'False'
[0.370s] Level 5:colcon.colcon_core.verb:set package 'first_package' build argument 'cmake_clean_first' from command line to 'False'
[0.370s] Level 5:colcon.colcon_core.verb:set package 'first_package' build argument 'cmake_force_configure' from command line to 'False'
[0.370s] Level 5:colcon.colcon_core.verb:set package 'first_package' build argument 'ament_cmake_args' from command line to 'None'
[0.370s] Level 5:colcon.colcon_core.verb:set package 'first_package' build argument 'catkin_cmake_args' from command line to 'None'
[0.370s] Level 5:colcon.colcon_core.verb:set package 'first_package' build argument 'catkin_skip_building_tests' from command line to 'False'
[0.370s] DEBUG:colcon.colcon_core.verb:Building package 'first_package' with the following arguments: {'ament_cmake_args': None, 'build_base': '/home/athens/ros2_athens_ws/build/first_package', 'catkin_cmake_args': None, 'catkin_skip_building_tests': False, 'cmake_args': None, 'cmake_clean_cache': False, 'cmake_clean_first': False, 'cmake_force_configure': False, 'cmake_target': None, 'cmake_target_skip_unavailable': False, 'install_base': '/home/athens/ros2_athens_ws/install/first_package', 'merge_install': False, 'path': '/home/athens/ros2_athens_ws/src/first_package', 'symlink_install': False, 'test_result_base': None}
[0.370s] INFO:colcon.colcon_core.executor:Executing jobs using 'parallel' executor
[0.371s] DEBUG:colcon.colcon_parallel_executor.executor.parallel:run_until_complete
[0.371s] INFO:colcon.colcon_ros.task.ament_cmake.build:Building ROS package in '/home/athens/ros2_athens_ws/src/first_interfaces' with build type 'ament_cmake'
[0.371s] INFO:colcon.colcon_cmake.task.cmake.build:Building CMake package in '/home/athens/ros2_athens_ws/src/first_interfaces'
[0.373s] INFO:colcon.colcon_core.plugin_system:Skipping extension 'colcon_core.shell.bat': Not used on non-Windows systems
[0.373s] INFO:colcon.colcon_core.shell:Skip shell extension 'powershell' for command environment: Not usable outside of PowerShell
[0.373s] DEBUG:colcon.colcon_core.shell:Skip shell extension 'dsv' for command environment
[0.378s] INFO:colcon.colcon_ros.task.ament_python.build:Building ROS package in '/home/athens/ros2_athens_ws/src/first_package' with build type 'ament_python'
[0.379s] Level 1:colcon.colcon_core.shell:create_environment_hook('first_package', 'ament_prefix_path')
[0.379s] INFO:colcon.colcon_core.shell:Creating environment hook '/home/athens/ros2_athens_ws/install/first_package/share/first_package/hook/ament_prefix_path.ps1'
[0.380s] INFO:colcon.colcon_core.shell:Creating environment descriptor '/home/athens/ros2_athens_ws/install/first_package/share/first_package/hook/ament_prefix_path.dsv'
[0.381s] INFO:colcon.colcon_core.shell:Creating environment hook '/home/athens/ros2_athens_ws/install/first_package/share/first_package/hook/ament_prefix_path.sh'
[0.383s] INFO:colcon.colcon_core.shell:Skip shell extension 'powershell' for command environment: Not usable outside of PowerShell
[0.383s] DEBUG:colcon.colcon_core.shell:Skip shell extension 'dsv' for command environment
[0.398s] DEBUG:colcon.colcon_core.event_handler.log_command:Invoking command in '/home/athens/ros2_athens_ws/build/first_interfaces': CMAKE_PREFIX_PATH=${CMAKE_PREFIX_PATH}:/home/athens/ros2_athens_ws/install/first_package:/home/athens/ros2_ws/install/stm_visualization_node:/home/athens/ros2_ws/install/stm_setup:/home/athens/ros2_ws/install/stm_serial_node:/home/athens/ros2_ws/install/stm_control_node:/opt/ros/foxy /usr/bin/cmake --build /home/athens/ros2_athens_ws/build/first_interfaces -- -j6 -l6
[0.689s] INFO:colcon.colcon_core.task.python.build:Building Python package in '/home/athens/ros2_athens_ws/src/first_package'
[0.690s] INFO:colcon.colcon_core.shell:Skip shell extension 'powershell' for command environment: Not usable outside of PowerShell
[0.690s] DEBUG:colcon.colcon_core.shell:Skip shell extension 'dsv' for command environment
[1.161s] DEBUG:colcon.colcon_core.event_handler.log_command:Invoking command in '/home/athens/ros2_athens_ws/src/first_package': PYTHONPATH=/home/athens/ros2_athens_ws/build/first_package/prefix_override:/usr/lib/python3/dist-packages/colcon_core/task/python/colcon_distutils_commands:/home/athens/ros2_athens_ws/install/first_package/lib/python3.8/site-packages:${PYTHONPATH} /usr/bin/python3 -W ignore:setup.py install is deprecated setup.py egg_info --egg-base ../../build/first_package build --build-base /home/athens/ros2_athens_ws/build/first_package/build install --record /home/athens/ros2_athens_ws/build/first_package/install.log --install-scripts $base/lib/first_package --single-version-externally-managed install_data
[1.513s] Level 1:colcon.colcon_core.environment:checking '/home/athens/ros2_athens_ws/install/first_package' for CMake module files
[1.514s] Level 1:colcon.colcon_core.environment:checking '/home/athens/ros2_athens_ws/install/first_package' for CMake config files
[1.515s] Level 1:colcon.colcon_core.environment:checking '/home/athens/ros2_athens_ws/install/first_package/lib'
[1.516s] Level 1:colcon.colcon_core.environment:checking '/home/athens/ros2_athens_ws/install/first_package/bin'
[1.519s] Level 1:colcon.colcon_core.environment:checking '/home/athens/ros2_athens_ws/install/first_package/lib/pkgconfig/first_package.pc'
[1.519s] DEBUG:colcon.colcon_core.event_handler.log_command:Invoked command in '/home/athens/ros2_athens_ws/src/first_package' returned '0': PYTHONPATH=/home/athens/ros2_athens_ws/build/first_package/prefix_override:/usr/lib/python3/dist-packages/colcon_core/task/python/colcon_distutils_commands:/home/athens/ros2_athens_ws/install/first_package/lib/python3.8/site-packages:${PYTHONPATH} /usr/bin/python3 -W ignore:setup.py install is deprecated setup.py egg_info --egg-base ../../build/first_package build --build-base /home/athens/ros2_athens_ws/build/first_package/build install --record /home/athens/ros2_athens_ws/build/first_package/install.log --install-scripts $base/lib/first_package --single-version-externally-managed install_data
[1.520s] Level 1:colcon.colcon_core.environment:checking '/home/athens/ros2_athens_ws/install/first_package/lib/python3.8/site-packages'
[1.520s] Level 1:colcon.colcon_core.shell:create_environment_hook('first_package', 'pythonpath')
[1.520s] INFO:colcon.colcon_core.shell:Creating environment hook '/home/athens/ros2_athens_ws/install/first_package/share/first_package/hook/pythonpath.ps1'
[1.535s] INFO:colcon.colcon_core.shell:Creating environment descriptor '/home/athens/ros2_athens_ws/install/first_package/share/first_package/hook/pythonpath.dsv'
[1.537s] INFO:colcon.colcon_core.shell:Creating environment hook '/home/athens/ros2_athens_ws/install/first_package/share/first_package/hook/pythonpath.sh'
[1.538s] Level 1:colcon.colcon_core.environment:checking '/home/athens/ros2_athens_ws/install/first_package/bin'
[1.539s] Level 1:colcon.colcon_core.environment:create_environment_scripts_only(first_package)
[1.539s] INFO:colcon.colcon_core.shell:Creating package script '/home/athens/ros2_athens_ws/install/first_package/share/first_package/package.ps1'
[1.548s] INFO:colcon.colcon_core.shell:Creating package descriptor '/home/athens/ros2_athens_ws/install/first_package/share/first_package/package.dsv'
[1.549s] INFO:colcon.colcon_core.shell:Creating package script '/home/athens/ros2_athens_ws/install/first_package/share/first_package/package.sh'
[1.551s] INFO:colcon.colcon_core.shell:Creating package script '/home/athens/ros2_athens_ws/install/first_package/share/first_package/package.bash'
[1.552s] INFO:colcon.colcon_core.shell:Creating package script '/home/athens/ros2_athens_ws/install/first_package/share/first_package/package.zsh'
[1.561s] Level 1:colcon.colcon_core.environment:create_file_with_runtime_dependencies(/home/athens/ros2_athens_ws/install/first_package/share/colcon-core/packages/first_package)
[1.798s] DEBUG:colcon.colcon_core.event_handler.log_command:Invoked command in '/home/athens/ros2_athens_ws/build/first_interfaces' returned '0': CMAKE_PREFIX_PATH=${CMAKE_PREFIX_PATH}:/home/athens/ros2_athens_ws/install/first_package:/home/athens/ros2_ws/install/stm_visualization_node:/home/athens/ros2_ws/install/stm_setup:/home/athens/ros2_ws/install/stm_serial_node:/home/athens/ros2_ws/install/stm_control_node:/opt/ros/foxy /usr/bin/cmake --build /home/athens/ros2_athens_ws/build/first_interfaces -- -j6 -l6
[1.935s] DEBUG:colcon.colcon_core.event_handler.log_command:Invoking command in '/home/athens/ros2_athens_ws/build/first_interfaces': CMAKE_PREFIX_PATH=${CMAKE_PREFIX_PATH}:/home/athens/ros2_athens_ws/install/first_package:/home/athens/ros2_ws/install/stm_visualization_node:/home/athens/ros2_ws/install/stm_setup:/home/athens/ros2_ws/install/stm_serial_node:/home/athens/ros2_ws/install/stm_control_node:/opt/ros/foxy /usr/bin/cmake --install /home/athens/ros2_athens_ws/build/first_interfaces
[1.994s] Level 1:colcon.colcon_core.environment:create_environment_scripts_only(first_interfaces)
[1.995s] Level 1:colcon.colcon_core.environment:checking '/home/athens/ros2_athens_ws/install/first_interfaces' for CMake module files
[1.997s] DEBUG:colcon.colcon_core.event_handler.log_command:Invoked command in '/home/athens/ros2_athens_ws/build/first_interfaces' returned '0': CMAKE_PREFIX_PATH=${CMAKE_PREFIX_PATH}:/home/athens/ros2_athens_ws/install/first_package:/home/athens/ros2_ws/install/stm_visualization_node:/home/athens/ros2_ws/install/stm_setup:/home/athens/ros2_ws/install/stm_serial_node:/home/athens/ros2_ws/install/stm_control_node:/opt/ros/foxy /usr/bin/cmake --install /home/athens/ros2_athens_ws/build/first_interfaces
[1.997s] Level 1:colcon.colcon_core.environment:checking '/home/athens/ros2_athens_ws/install/first_interfaces' for CMake config files
[1.998s] Level 1:colcon.colcon_core.shell:create_environment_hook('first_interfaces', 'cmake_prefix_path')
[1.998s] INFO:colcon.colcon_core.shell:Creating environment hook '/home/athens/ros2_athens_ws/install/first_interfaces/share/first_interfaces/hook/cmake_prefix_path.ps1'
[1.999s] INFO:colcon.colcon_core.shell:Creating environment descriptor '/home/athens/ros2_athens_ws/install/first_interfaces/share/first_interfaces/hook/cmake_prefix_path.dsv'
[1.999s] INFO:colcon.colcon_core.shell:Creating environment hook '/home/athens/ros2_athens_ws/install/first_interfaces/share/first_interfaces/hook/cmake_prefix_path.sh'
[2.000s] Level 1:colcon.colcon_core.environment:checking '/home/athens/ros2_athens_ws/install/first_interfaces/lib'
[2.000s] Level 1:colcon.colcon_core.shell:create_environment_hook('first_interfaces', 'ld_library_path_lib')
[2.000s] INFO:colcon.colcon_core.shell:Creating environment hook '/home/athens/ros2_athens_ws/install/first_interfaces/share/first_interfaces/hook/ld_library_path_lib.ps1'
[2.001s] INFO:colcon.colcon_core.shell:Creating environment descriptor '/home/athens/ros2_athens_ws/install/first_interfaces/share/first_interfaces/hook/ld_library_path_lib.dsv'
[2.002s] INFO:colcon.colcon_core.shell:Creating environment hook '/home/athens/ros2_athens_ws/install/first_interfaces/share/first_interfaces/hook/ld_library_path_lib.sh'
[2.003s] Level 1:colcon.colcon_core.environment:checking '/home/athens/ros2_athens_ws/install/first_interfaces/bin'
[2.003s] Level 1:colcon.colcon_core.environment:checking '/home/athens/ros2_athens_ws/install/first_interfaces/lib/pkgconfig/first_interfaces.pc'
[2.003s] Level 1:colcon.colcon_core.environment:checking '/home/athens/ros2_athens_ws/install/first_interfaces/lib/python3.8/site-packages'
[2.003s] Level 1:colcon.colcon_core.shell:create_environment_hook('first_interfaces', 'pythonpath')
[2.006s] INFO:colcon.colcon_core.shell:Creating environment hook '/home/athens/ros2_athens_ws/install/first_interfaces/share/first_interfaces/hook/pythonpath.ps1'
[2.006s] INFO:colcon.colcon_core.shell:Creating environment descriptor '/home/athens/ros2_athens_ws/install/first_interfaces/share/first_interfaces/hook/pythonpath.dsv'
[2.007s] INFO:colcon.colcon_core.shell:Creating environment hook '/home/athens/ros2_athens_ws/install/first_interfaces/share/first_interfaces/hook/pythonpath.sh'
[2.008s] Level 1:colcon.colcon_core.environment:checking '/home/athens/ros2_athens_ws/install/first_interfaces/bin'
[2.009s] INFO:colcon.colcon_core.shell:Creating package script '/home/athens/ros2_athens_ws/install/first_interfaces/share/first_interfaces/package.ps1'
[2.010s] INFO:colcon.colcon_core.shell:Creating package descriptor '/home/athens/ros2_athens_ws/install/first_interfaces/share/first_interfaces/package.dsv'
[2.010s] INFO:colcon.colcon_core.shell:Creating package script '/home/athens/ros2_athens_ws/install/first_interfaces/share/first_interfaces/package.sh'
[2.012s] INFO:colcon.colcon_core.shell:Creating package script '/home/athens/ros2_athens_ws/install/first_interfaces/share/first_interfaces/package.bash'
[2.025s] INFO:colcon.colcon_core.shell:Creating package script '/home/athens/ros2_athens_ws/install/first_interfaces/share/first_interfaces/package.zsh'
[2.026s] Level 1:colcon.colcon_core.environment:create_file_with_runtime_dependencies(/home/athens/ros2_athens_ws/install/first_interfaces/share/colcon-core/packages/first_interfaces)
[2.136s] Level 1:colcon.colcon_core.environment:create_environment_scripts_only(first_interfaces)
[2.137s] Level 1:colcon.colcon_core.environment:checking '/home/athens/ros2_athens_ws/install/first_interfaces' for CMake module files
[2.137s] Level 1:colcon.colcon_core.environment:checking '/home/athens/ros2_athens_ws/install/first_interfaces' for CMake config files
[2.138s] Level 1:colcon.colcon_core.shell:create_environment_hook('first_interfaces', 'cmake_prefix_path')
[2.138s] INFO:colcon.colcon_core.shell:Creating environment hook '/home/athens/ros2_athens_ws/install/first_interfaces/share/first_interfaces/hook/cmake_prefix_path.ps1'
[2.139s] INFO:colcon.colcon_core.shell:Creating environment descriptor '/home/athens/ros2_athens_ws/install/first_interfaces/share/first_interfaces/hook/cmake_prefix_path.dsv'
[2.139s] INFO:colcon.colcon_core.shell:Creating environment hook '/home/athens/ros2_athens_ws/install/first_interfaces/share/first_interfaces/hook/cmake_prefix_path.sh'
[2.140s] Level 1:colcon.colcon_core.environment:checking '/home/athens/ros2_athens_ws/install/first_interfaces/lib'
[2.140s] Level 1:colcon.colcon_core.shell:create_environment_hook('first_interfaces', 'ld_library_path_lib')
[2.141s] INFO:colcon.colcon_core.shell:Creating environment hook '/home/athens/ros2_athens_ws/install/first_interfaces/share/first_interfaces/hook/ld_library_path_lib.ps1'
[2.141s] INFO:colcon.colcon_core.shell:Creating environment descriptor '/home/athens/ros2_athens_ws/install/first_interfaces/share/first_interfaces/hook/ld_library_path_lib.dsv'
[2.142s] INFO:colcon.colcon_core.shell:Creating environment hook '/home/athens/ros2_athens_ws/install/first_interfaces/share/first_interfaces/hook/ld_library_path_lib.sh'
[2.142s] Level 1:colcon.colcon_core.environment:checking '/home/athens/ros2_athens_ws/install/first_interfaces/bin'
[2.142s] Level 1:colcon.colcon_core.environment:checking '/home/athens/ros2_athens_ws/install/first_interfaces/lib/pkgconfig/first_interfaces.pc'
[2.143s] Level 1:colcon.colcon_core.environment:checking '/home/athens/ros2_athens_ws/install/first_interfaces/lib/python3.8/site-packages'
[2.143s] Level 1:colcon.colcon_core.shell:create_environment_hook('first_interfaces', 'pythonpath')
[2.143s] INFO:colcon.colcon_core.shell:Creating environment hook '/home/athens/ros2_athens_ws/install/first_interfaces/share/first_interfaces/hook/pythonpath.ps1'
[2.143s] INFO:colcon.colcon_core.shell:Creating environment descriptor '/home/athens/ros2_athens_ws/install/first_interfaces/share/first_interfaces/hook/pythonpath.dsv'
[2.144s] INFO:colcon.colcon_core.shell:Creating environment hook '/home/athens/ros2_athens_ws/install/first_interfaces/share/first_interfaces/hook/pythonpath.sh'
[2.145s] Level 1:colcon.colcon_core.environment:checking '/home/athens/ros2_athens_ws/install/first_interfaces/bin'
[2.145s] INFO:colcon.colcon_core.shell:Creating package script '/home/athens/ros2_athens_ws/install/first_interfaces/share/first_interfaces/package.ps1'
[2.146s] INFO:colcon.colcon_core.shell:Creating package descriptor '/home/athens/ros2_athens_ws/install/first_interfaces/share/first_interfaces/package.dsv'
[2.147s] INFO:colcon.colcon_core.shell:Creating package script '/home/athens/ros2_athens_ws/install/first_interfaces/share/first_interfaces/package.sh'
[2.147s] INFO:colcon.colcon_core.shell:Creating package script '/home/athens/ros2_athens_ws/install/first_interfaces/share/first_interfaces/package.bash'
[2.148s] INFO:colcon.colcon_core.shell:Creating package script '/home/athens/ros2_athens_ws/install/first_interfaces/share/first_interfaces/package.zsh'
[2.148s] Level 1:colcon.colcon_core.environment:create_file_with_runtime_dependencies(/home/athens/ros2_athens_ws/install/first_interfaces/share/colcon-core/packages/first_interfaces)
[2.149s] DEBUG:colcon.colcon_parallel_executor.executor.parallel:closing loop
[2.149s] DEBUG:colcon.colcon_parallel_executor.executor.parallel:loop closed
[2.151s] DEBUG:colcon.colcon_parallel_executor.executor.parallel:run_until_complete finished with '0'
[2.151s] DEBUG:colcon.colcon_core.event_reactor:joining thread
[2.157s] INFO:colcon.colcon_core.plugin_system:Skipping extension 'colcon_notification.desktop_notification.terminal_notifier': Not used on non-Darwin systems
[2.157s] INFO:colcon.colcon_core.plugin_system:Skipping extension 'colcon_notification.desktop_notification.win32': Not used on non-Windows systems
[2.158s] INFO:colcon.colcon_notification.desktop_notification:Sending desktop notification using 'notify2'
[2.179s] DEBUG:colcon.colcon_core.event_reactor:joined thread
[2.180s] INFO:colcon.colcon_core.shell:Creating prefix script '/home/athens/ros2_athens_ws/install/local_setup.ps1'
[2.189s] INFO:colcon.colcon_core.shell:Creating prefix util module '/home/athens/ros2_athens_ws/install/_local_setup_util_ps1.py'
[2.191s] INFO:colcon.colcon_core.shell:Creating prefix chain script '/home/athens/ros2_athens_ws/install/setup.ps1'
[2.192s] INFO:colcon.colcon_core.shell:Creating prefix script '/home/athens/ros2_athens_ws/install/local_setup.sh'
[2.192s] INFO:colcon.colcon_core.shell:Creating prefix util module '/home/athens/ros2_athens_ws/install/_local_setup_util_sh.py'
[2.193s] INFO:colcon.colcon_core.shell:Creating prefix chain script '/home/athens/ros2_athens_ws/install/setup.sh'
[2.195s] INFO:colcon.colcon_core.shell:Creating prefix script '/home/athens/ros2_athens_ws/install/local_setup.bash'
[2.195s] INFO:colcon.colcon_core.shell:Creating prefix chain script '/home/athens/ros2_athens_ws/install/setup.bash'
[2.197s] INFO:colcon.colcon_core.shell:Creating prefix script '/home/athens/ros2_athens_ws/install/local_setup.zsh'
[2.198s] INFO:colcon.colcon_core.shell:Creating prefix chain script '/home/athens/ros2_athens_ws/install/setup.zsh'
