[0.717s] Invoking command in '/home/athens/ros2_athens_ws/src/first_package': PYTHONPATH=/home/athens/ros2_athens_ws/build/first_package/prefix_override:/usr/lib/python3/dist-packages/colcon_core/task/python/colcon_distutils_commands:/home/athens/ros2_athens_ws/install/first_package/lib/python3.8/site-packages:${PYTHONPATH} /usr/bin/python3 -W ignore:setup.py install is deprecated setup.py egg_info --egg-base ../../build/first_package build --build-base /home/athens/ros2_athens_ws/build/first_package/build install --record /home/athens/ros2_athens_ws/build/first_package/install.log --install-scripts $base/lib/first_package --single-version-externally-managed install_data
[0.924s] running egg_info
[0.926s] writing ../../build/first_package/first_package.egg-info/PKG-INFO
[0.927s] writing dependency_links to ../../build/first_package/first_package.egg-info/dependency_links.txt
[0.927s] writing entry points to ../../build/first_package/first_package.egg-info/entry_points.txt
[0.927s] writing requirements to ../../build/first_package/first_package.egg-info/requires.txt
[0.927s] writing top-level names to ../../build/first_package/first_package.egg-info/top_level.txt
[0.956s] reading manifest file '../../build/first_package/first_package.egg-info/SOURCES.txt'
[0.957s] writing manifest file '../../build/first_package/first_package.egg-info/SOURCES.txt'
[0.958s] running build
[0.958s] running build_py
[0.958s] running install
[0.958s] running install_lib
[0.960s] running install_data
[0.960s] running install_egg_info
[0.964s] removing '/home/athens/ros2_athens_ws/install/first_package/lib/python3.8/site-packages/first_package-0.0.0-py3.8.egg-info' (and everything under it)
[0.965s] Copying ../../build/first_package/first_package.egg-info to /home/athens/ros2_athens_ws/install/first_package/lib/python3.8/site-packages/first_package-0.0.0-py3.8.egg-info
[0.965s] running install_scripts
[0.994s] Installing custom_message_pubsub script to /home/athens/ros2_athens_ws/install/first_package/lib/first_package
[0.994s] Installing simple_publisher_node script to /home/athens/ros2_athens_ws/install/first_package/lib/first_package
[0.994s] Installing simple_pubsub_node script to /home/athens/ros2_athens_ws/install/first_package/lib/first_package
[0.995s] Installing simple_subscriber_node script to /home/athens/ros2_athens_ws/install/first_package/lib/first_package
[0.995s] writing list of installed files to '/home/athens/ros2_athens_ws/build/first_package/install.log'
