running egg_info
writing ../../build/first_package/first_package.egg-info/PKG-INFO
writing dependency_links to ../../build/first_package/first_package.egg-info/dependency_links.txt
writing entry points to ../../build/first_package/first_package.egg-info/entry_points.txt
writing requirements to ../../build/first_package/first_package.egg-info/requires.txt
writing top-level names to ../../build/first_package/first_package.egg-info/top_level.txt
reading manifest file '../../build/first_package/first_package.egg-info/SOURCES.txt'
writing manifest file '../../build/first_package/first_package.egg-info/SOURCES.txt'
running build
running build_py
copying first_package/first_message_pubsub.py -> /home/athens/ros2_athens_ws/build/first_package/build/lib/first_package
running install
running install_lib
copying /home/athens/ros2_athens_ws/build/first_package/build/lib/first_package/first_message_pubsub.py -> /home/athens/ros2_athens_ws/install/first_package/lib/python3.8/site-packages/first_package
byte-compiling /home/athens/ros2_athens_ws/install/first_package/lib/python3.8/site-packages/first_package/first_message_pubsub.py to first_message_pubsub.cpython-38.pyc
running install_data
running install_egg_info
removing '/home/athens/ros2_athens_ws/install/first_package/lib/python3.8/site-packages/first_package-0.0.0-py3.8.egg-info' (and everything under it)
Copying ../../build/first_package/first_package.egg-info to /home/athens/ros2_athens_ws/install/first_package/lib/python3.8/site-packages/first_package-0.0.0-py3.8.egg-info
running install_scripts
Installing custom_message_pubsub script to /home/athens/ros2_athens_ws/install/first_package/lib/first_package
Installing simple_publisher_node script to /home/athens/ros2_athens_ws/install/first_package/lib/first_package
Installing simple_pubsub_node script to /home/athens/ros2_athens_ws/install/first_package/lib/first_package
Installing simple_subscriber_node script to /home/athens/ros2_athens_ws/install/first_package/lib/first_package
writing list of installed files to '/home/athens/ros2_athens_ws/build/first_package/install.log'
