[0.027s] Invoking command in '/home/athens/ros2_athens_ws/build/first_interfaces': CMAKE_PREFIX_PATH=${CMAKE_PREFIX_PATH}:/home/athens/ros2_athens_ws/install/first_package:/home/athens/ros2_ws/install/stm_visualization_node:/home/athens/ros2_ws/install/stm_setup:/home/athens/ros2_ws/install/stm_serial_node:/home/athens/ros2_ws/install/stm_control_node:/opt/ros/foxy /usr/bin/cmake /home/athens/ros2_athens_ws/src/first_interfaces -DCMAKE_INSTALL_PREFIX=/home/athens/ros2_athens_ws/install/first_interfaces
[0.039s] -- Found rosidl_default_generators: 1.0.1 (/opt/ros/foxy/share/rosidl_default_generators/cmake)
[0.040s] -- Found ament_cmake_core: 0.9.12 (/opt/ros/foxy/share/ament_cmake_core/cmake)
[0.065s] -- Using PYTHON_EXECUTABLE: /usr/bin/python3
[0.260s] -- Using all available rosidl_typesupport_c: rosidl_typesupport_fastrtps_c;rosidl_typesupport_introspection_c
[0.265s] -- Found rosidl_adapter: 1.3.1 (/opt/ros/foxy/share/rosidl_adapter/cmake)
[0.467s] -- Using all available rosidl_typesupport_cpp: rosidl_typesupport_fastrtps_cpp;rosidl_typesupport_introspection_cpp
[0.491s] -- Found std_msgs: 2.0.5 (/opt/ros/foxy/share/std_msgs/cmake)
[0.528s] PROJECTNAME=first_interfaces
[0.528s] msg_files=msg/first_message.msg
[0.528s] interfaces=first_interfacesmsg/first_message.msg
[0.529s] CMake Error at /opt/ros/foxy/share/rosidl_cmake/cmake/rosidl_generate_interfaces.cmake:59 (message):
[0.529s]   rosidl_generate_interfaces() called without any interface files
[0.529s] Call Stack (most recent call first):
[0.529s]   CMakeLists.txt:31 (rosidl_generate_interfaces)
[0.529s] 
[0.529s] 
[0.533s] -- Configuring incomplete, errors occurred!
[0.533s] See also "/home/athens/ros2_athens_ws/build/first_interfaces/CMakeFiles/CMakeOutput.log".
[0.556s] Invoked command in '/home/athens/ros2_athens_ws/build/first_interfaces' returned '1': CMAKE_PREFIX_PATH=${CMAKE_PREFIX_PATH}:/home/athens/ros2_athens_ws/install/first_package:/home/athens/ros2_ws/install/stm_visualization_node:/home/athens/ros2_ws/install/stm_setup:/home/athens/ros2_ws/install/stm_serial_node:/home/athens/ros2_ws/install/stm_control_node:/opt/ros/foxy /usr/bin/cmake /home/athens/ros2_athens_ws/src/first_interfaces -DCMAKE_INSTALL_PREFIX=/home/athens/ros2_athens_ws/install/first_interfaces
