[0.633s] Invoking command in '/home/athens/ros2_athens_ws/src/first_package': PYTHONPATH=/home/athens/ros2_athens_ws/build/first_package/prefix_override:/usr/lib/python3/dist-packages/colcon_core/task/python/colcon_distutils_commands:/home/athens/ros2_athens_ws/install/first_package/lib/python3.8/site-packages:${PYTHONPATH} /usr/bin/python3 -W ignore:setup.py install is deprecated setup.py egg_info --egg-base ../../build/first_package build --build-base /home/athens/ros2_athens_ws/build/first_package/build install --record /home/athens/ros2_athens_ws/build/first_package/install.log --install-scripts $base/lib/first_package --single-version-externally-managed install_data
[0.830s] running egg_info
[0.831s] writing ../../build/first_package/first_package.egg-info/PKG-INFO
[0.831s] writing dependency_links to ../../build/first_package/first_package.egg-info/dependency_links.txt
[0.831s] writing entry points to ../../build/first_package/first_package.egg-info/entry_points.txt
[0.835s] writing requirements to ../../build/first_package/first_package.egg-info/requires.txt
[0.835s] writing top-level names to ../../build/first_package/first_package.egg-info/top_level.txt
[0.893s] reading manifest file '../../build/first_package/first_package.egg-info/SOURCES.txt'
[0.893s] writing manifest file '../../build/first_package/first_package.egg-info/SOURCES.txt'
[0.894s] running build
[0.894s] running build_py
[0.894s] running install
[0.895s] running install_lib
[0.897s] running install_data
[0.897s] running install_egg_info
[0.898s] removing '/home/athens/ros2_athens_ws/install/first_package/lib/python3.8/site-packages/first_package-0.0.0-py3.8.egg-info' (and everything under it)
[0.905s] Copying ../../build/first_package/first_package.egg-info to /home/athens/ros2_athens_ws/install/first_package/lib/python3.8/site-packages/first_package-0.0.0-py3.8.egg-info
[0.906s] running install_scripts
[0.925s] Installing custom_message_pubsub script to /home/athens/ros2_athens_ws/install/first_package/lib/first_package
[0.925s] Installing simple_publisher_node script to /home/athens/ros2_athens_ws/install/first_package/lib/first_package
[0.925s] Installing simple_pubsub_node script to /home/athens/ros2_athens_ws/install/first_package/lib/first_package
[0.926s] Installing simple_subscriber_node script to /home/athens/ros2_athens_ws/install/first_package/lib/first_package
[0.927s] writing list of installed files to '/home/athens/ros2_athens_ws/build/first_package/install.log'
