[0.938s] Invoking command in '/home/athens/ros2_athens_ws/src/first_package': PYTHONPATH=/home/athens/ros2_athens_ws/build/first_package/prefix_override:/usr/lib/python3/dist-packages/colcon_core/task/python/colcon_distutils_commands:/home/athens/ros2_athens_ws/install/first_package/lib/python3.8/site-packages:${PYTHONPATH} /usr/bin/python3 -W ignore:setup.py install is deprecated setup.py egg_info --egg-base ../../build/first_package build --build-base /home/athens/ros2_athens_ws/build/first_package/build install --record /home/athens/ros2_athens_ws/build/first_package/install.log --install-scripts $base/lib/first_package --single-version-externally-managed install_data
[1.194s] running egg_info
[1.195s] writing ../../build/first_package/first_package.egg-info/PKG-INFO
[1.196s] writing dependency_links to ../../build/first_package/first_package.egg-info/dependency_links.txt
[1.197s] writing entry points to ../../build/first_package/first_package.egg-info/entry_points.txt
[1.197s] writing requirements to ../../build/first_package/first_package.egg-info/requires.txt
[1.197s] writing top-level names to ../../build/first_package/first_package.egg-info/top_level.txt
[1.230s] reading manifest file '../../build/first_package/first_package.egg-info/SOURCES.txt'
[1.231s] writing manifest file '../../build/first_package/first_package.egg-info/SOURCES.txt'
[1.231s] running build
[1.233s] running build_py
[1.233s] running install
[1.234s] running install_lib
[1.235s] running install_data
[1.235s] running install_egg_info
[1.237s] removing '/home/athens/ros2_athens_ws/install/first_package/lib/python3.8/site-packages/first_package-0.0.0-py3.8.egg-info' (and everything under it)
[1.238s] Copying ../../build/first_package/first_package.egg-info to /home/athens/ros2_athens_ws/install/first_package/lib/python3.8/site-packages/first_package-0.0.0-py3.8.egg-info
[1.238s] running install_scripts
[1.257s] Installing custom_message_pubsub script to /home/athens/ros2_athens_ws/install/first_package/lib/first_package
[1.258s] Installing first_message_pubsub script to /home/athens/ros2_athens_ws/install/first_package/lib/first_package
[1.258s] Installing simple_publisher_node script to /home/athens/ros2_athens_ws/install/first_package/lib/first_package
[1.259s] Installing simple_pubsub_node script to /home/athens/ros2_athens_ws/install/first_package/lib/first_package
[1.259s] Installing simple_subscriber_node script to /home/athens/ros2_athens_ws/install/first_package/lib/first_package
[1.261s] writing list of installed files to '/home/athens/ros2_athens_ws/build/first_package/install.log'
[1.286s] Invoked command in '/home/athens/ros2_athens_ws/src/first_package' returned '0': PYTHONPATH=/home/athens/ros2_athens_ws/build/first_package/prefix_override:/usr/lib/python3/dist-packages/colcon_core/task/python/colcon_distutils_commands:/home/athens/ros2_athens_ws/install/first_package/lib/python3.8/site-packages:${PYTHONPATH} /usr/bin/python3 -W ignore:setup.py install is deprecated setup.py egg_info --egg-base ../../build/first_package build --build-base /home/athens/ros2_athens_ws/build/first_package/build install --record /home/athens/ros2_athens_ws/build/first_package/install.log --install-scripts $base/lib/first_package --single-version-externally-managed install_data
