[0.741s] Invoking command in '/home/athens/ros2_athens_ws/src/first_package': PYTHONPATH=/home/athens/ros2_athens_ws/build/first_package/prefix_override:/usr/lib/python3/dist-packages/colcon_core/task/python/colcon_distutils_commands:/home/athens/ros2_athens_ws/install/first_package/lib/python3.8/site-packages:${PYTHONPATH} /usr/bin/python3 -W ignore:setup.py install is deprecated setup.py egg_info --egg-base ../../build/first_package build --build-base /home/athens/ros2_athens_ws/build/first_package/build install --record /home/athens/ros2_athens_ws/build/first_package/install.log --install-scripts $base/lib/first_package --single-version-externally-managed install_data
[1.121s] running egg_info
[1.122s] creating ../../build/first_package/first_package.egg-info
[1.124s] writing ../../build/first_package/first_package.egg-info/PKG-INFO
[1.124s] writing dependency_links to ../../build/first_package/first_package.egg-info/dependency_links.txt
[1.124s] writing entry points to ../../build/first_package/first_package.egg-info/entry_points.txt
[1.124s] writing requirements to ../../build/first_package/first_package.egg-info/requires.txt
[1.124s] writing top-level names to ../../build/first_package/first_package.egg-info/top_level.txt
[1.126s] writing manifest file '../../build/first_package/first_package.egg-info/SOURCES.txt'
[1.192s] reading manifest file '../../build/first_package/first_package.egg-info/SOURCES.txt'
[1.192s] writing manifest file '../../build/first_package/first_package.egg-info/SOURCES.txt'
[1.192s] running build
[1.192s] running build_py
[1.192s] creating /home/athens/ros2_athens_ws/build/first_package/build
[1.192s] creating /home/athens/ros2_athens_ws/build/first_package/build/lib
[1.193s] creating /home/athens/ros2_athens_ws/build/first_package/build/lib/first_package
[1.193s] copying first_package/simple_publisher.py -> /home/athens/ros2_athens_ws/build/first_package/build/lib/first_package
[1.194s] copying first_package/simple_pubsub.py -> /home/athens/ros2_athens_ws/build/first_package/build/lib/first_package
[1.194s] copying first_package/custom_message_pubsub.py -> /home/athens/ros2_athens_ws/build/first_package/build/lib/first_package
[1.194s] copying first_package/simple_subscriber.py -> /home/athens/ros2_athens_ws/build/first_package/build/lib/first_package
[1.194s] copying first_package/__init__.py -> /home/athens/ros2_athens_ws/build/first_package/build/lib/first_package
[1.198s] copying first_package/first_message_pubsub.py -> /home/athens/ros2_athens_ws/build/first_package/build/lib/first_package
[1.198s] running install
[1.198s] running install_lib
[1.202s] running install_data
[1.202s] running install_egg_info
[1.219s] removing '/home/athens/ros2_athens_ws/install/first_package/lib/python3.8/site-packages/first_package-0.0.0-py3.8.egg-info' (and everything under it)
[1.222s] Copying ../../build/first_package/first_package.egg-info to /home/athens/ros2_athens_ws/install/first_package/lib/python3.8/site-packages/first_package-0.0.0-py3.8.egg-info
[1.222s] running install_scripts
[1.260s] Installing custom_message_pubsub script to /home/athens/ros2_athens_ws/install/first_package/lib/first_package
[1.266s] Installing first_message_pubsub script to /home/athens/ros2_athens_ws/install/first_package/lib/first_package
[1.266s] Installing simple_publisher_node script to /home/athens/ros2_athens_ws/install/first_package/lib/first_package
[1.266s] Installing simple_pubsub_node script to /home/athens/ros2_athens_ws/install/first_package/lib/first_package
[1.266s] Installing simple_subscriber_node script to /home/athens/ros2_athens_ws/install/first_package/lib/first_package
[1.266s] writing list of installed files to '/home/athens/ros2_athens_ws/build/first_package/install.log'
[1.320s] Invoked command in '/home/athens/ros2_athens_ws/src/first_package' returned '0': PYTHONPATH=/home/athens/ros2_athens_ws/build/first_package/prefix_override:/usr/lib/python3/dist-packages/colcon_core/task/python/colcon_distutils_commands:/home/athens/ros2_athens_ws/install/first_package/lib/python3.8/site-packages:${PYTHONPATH} /usr/bin/python3 -W ignore:setup.py install is deprecated setup.py egg_info --egg-base ../../build/first_package build --build-base /home/athens/ros2_athens_ws/build/first_package/build install --record /home/athens/ros2_athens_ws/build/first_package/install.log --install-scripts $base/lib/first_package --single-version-externally-managed install_data
