/home/athens/ros2_athens_ws/install/stm_station/lib/python3.8/site-packages/stm_station/stm_serial_node_pub.py
/home/athens/ros2_athens_ws/install/stm_station/lib/python3.8/site-packages/stm_station/stm_serial_node_ctrl_pub.py
/home/athens/ros2_athens_ws/install/stm_station/lib/python3.8/site-packages/stm_station/__init__.py
/home/athens/ros2_athens_ws/install/stm_station/lib/python3.8/site-packages/stm_station/stm_serial_node_pub_sub.py
/home/athens/ros2_athens_ws/install/stm_station/lib/python3.8/site-packages/stm_station/__pycache__/stm_serial_node_pub.cpython-38.pyc
/home/athens/ros2_athens_ws/install/stm_station/lib/python3.8/site-packages/stm_station/__pycache__/stm_serial_node_ctrl_pub.cpython-38.pyc
/home/athens/ros2_athens_ws/install/stm_station/lib/python3.8/site-packages/stm_station/__pycache__/__init__.cpython-38.pyc
/home/athens/ros2_athens_ws/install/stm_station/lib/python3.8/site-packages/stm_station/__pycache__/stm_serial_node_pub_sub.cpython-38.pyc
/home/athens/ros2_athens_ws/install/stm_station/share/ament_index/resource_index/packages/stm_station
/home/athens/ros2_athens_ws/install/stm_station/share/stm_station/package.xml
/home/athens/ros2_athens_ws/install/stm_station/lib/python3.8/site-packages/stm_station-0.0.0-py3.8.egg-info/SOURCES.txt
/home/athens/ros2_athens_ws/install/stm_station/lib/python3.8/site-packages/stm_station-0.0.0-py3.8.egg-info/top_level.txt
/home/athens/ros2_athens_ws/install/stm_station/lib/python3.8/site-packages/stm_station-0.0.0-py3.8.egg-info/entry_points.txt
/home/athens/ros2_athens_ws/install/stm_station/lib/python3.8/site-packages/stm_station-0.0.0-py3.8.egg-info/dependency_links.txt
/home/athens/ros2_athens_ws/install/stm_station/lib/python3.8/site-packages/stm_station-0.0.0-py3.8.egg-info/requires.txt
/home/athens/ros2_athens_ws/install/stm_station/lib/python3.8/site-packages/stm_station-0.0.0-py3.8.egg-info/PKG-INFO
/home/athens/ros2_athens_ws/install/stm_station/lib/python3.8/site-packages/stm_station-0.0.0-py3.8.egg-info/zip-safe
/home/athens/ros2_athens_ws/install/stm_station/lib/stm_station/stm_serial_node_ctrl_pub
/home/athens/ros2_athens_ws/install/stm_station/lib/stm_station/stm_serial_node_pub
/home/athens/ros2_athens_ws/install/stm_station/lib/stm_station/stm_serial_node_pub_sub
