[0.771s] Invoking command in '/home/athens/ros2_athens_ws/src/first_package': PYTHONPATH=/home/athens/ros2_athens_ws/build/first_package/prefix_override:/usr/lib/python3/dist-packages/colcon_core/task/python/colcon_distutils_commands:/home/athens/ros2_athens_ws/install/first_package/lib/python3.8/site-packages:${PYTHONPATH} /usr/bin/python3 -W ignore:setup.py install is deprecated setup.py egg_info --egg-base ../../build/first_package build --build-base /home/athens/ros2_athens_ws/build/first_package/build install --record /home/athens/ros2_athens_ws/build/first_package/install.log --install-scripts $base/lib/first_package --single-version-externally-managed install_data
[0.970s] running egg_info
[0.971s] writing ../../build/first_package/first_package.egg-info/PKG-INFO
[0.971s] writing dependency_links to ../../build/first_package/first_package.egg-info/dependency_links.txt
[0.972s] writing entry points to ../../build/first_package/first_package.egg-info/entry_points.txt
[0.973s] writing requirements to ../../build/first_package/first_package.egg-info/requires.txt
[0.973s] writing top-level names to ../../build/first_package/first_package.egg-info/top_level.txt
[0.999s] reading manifest file '../../build/first_package/first_package.egg-info/SOURCES.txt'
[0.999s] writing manifest file '../../build/first_package/first_package.egg-info/SOURCES.txt'
[1.000s] running build
[1.000s] running build_py
[1.000s] copying first_package/first_message_pubsub.py -> /home/athens/ros2_athens_ws/build/first_package/build/lib/first_package
[1.000s] running install
[1.001s] running install_lib
[1.002s] copying /home/athens/ros2_athens_ws/build/first_package/build/lib/first_package/first_message_pubsub.py -> /home/athens/ros2_athens_ws/install/first_package/lib/python3.8/site-packages/first_package
[1.003s] byte-compiling /home/athens/ros2_athens_ws/install/first_package/lib/python3.8/site-packages/first_package/first_message_pubsub.py to first_message_pubsub.cpython-38.pyc
[1.004s] running install_data
[1.004s] running install_egg_info
[1.006s] removing '/home/athens/ros2_athens_ws/install/first_package/lib/python3.8/site-packages/first_package-0.0.0-py3.8.egg-info' (and everything under it)
[1.006s] Copying ../../build/first_package/first_package.egg-info to /home/athens/ros2_athens_ws/install/first_package/lib/python3.8/site-packages/first_package-0.0.0-py3.8.egg-info
[1.006s] running install_scripts
[1.020s] Installing FirstMessage_pubsub script to /home/athens/ros2_athens_ws/install/first_package/lib/first_package
[1.021s] Installing custom_message_pubsub script to /home/athens/ros2_athens_ws/install/first_package/lib/first_package
[1.021s] Installing simple_publisher_node script to /home/athens/ros2_athens_ws/install/first_package/lib/first_package
[1.021s] Installing simple_pubsub_node script to /home/athens/ros2_athens_ws/install/first_package/lib/first_package
[1.021s] Installing simple_subscriber_node script to /home/athens/ros2_athens_ws/install/first_package/lib/first_package
[1.022s] writing list of installed files to '/home/athens/ros2_athens_ws/build/first_package/install.log'
[1.055s] Invoked command in '/home/athens/ros2_athens_ws/src/first_package' returned '0': PYTHONPATH=/home/athens/ros2_athens_ws/build/first_package/prefix_override:/usr/lib/python3/dist-packages/colcon_core/task/python/colcon_distutils_commands:/home/athens/ros2_athens_ws/install/first_package/lib/python3.8/site-packages:${PYTHONPATH} /usr/bin/python3 -W ignore:setup.py install is deprecated setup.py egg_info --egg-base ../../build/first_package build --build-base /home/athens/ros2_athens_ws/build/first_package/build install --record /home/athens/ros2_athens_ws/build/first_package/install.log --install-scripts $base/lib/first_package --single-version-externally-managed install_data
