[0.699s] Invoking command in '/home/athens/ros2_athens_ws/src/first_package': PYTHONPATH=/home/athens/ros2_athens_ws/build/first_package/prefix_override:/usr/lib/python3/dist-packages/colcon_core/task/python/colcon_distutils_commands:/home/athens/ros2_athens_ws/install/first_package/lib/python3.8/site-packages:${PYTHONPATH} /usr/bin/python3 -W ignore:setup.py install is deprecated setup.py egg_info --egg-base ../../build/first_package build --build-base /home/athens/ros2_athens_ws/build/first_package/build install --record /home/athens/ros2_athens_ws/build/first_package/install.log --install-scripts $base/lib/first_package --single-version-externally-managed install_data
[0.909s] running egg_info
[0.912s] writing ../../build/first_package/first_package.egg-info/PKG-INFO
[0.912s] writing dependency_links to ../../build/first_package/first_package.egg-info/dependency_links.txt
[0.912s] writing entry points to ../../build/first_package/first_package.egg-info/entry_points.txt
[0.912s] writing requirements to ../../build/first_package/first_package.egg-info/requires.txt
[0.913s] writing top-level names to ../../build/first_package/first_package.egg-info/top_level.txt
[0.949s] reading manifest file '../../build/first_package/first_package.egg-info/SOURCES.txt'
[0.955s] writing manifest file '../../build/first_package/first_package.egg-info/SOURCES.txt'
[0.955s] running build
[0.955s] running build_py
[0.955s] running install
[0.955s] running install_lib
[0.955s] running install_data
[0.955s] running install_egg_info
[0.959s] removing '/home/athens/ros2_athens_ws/install/first_package/lib/python3.8/site-packages/first_package-0.0.0-py3.8.egg-info' (and everything under it)
[0.960s] Copying ../../build/first_package/first_package.egg-info to /home/athens/ros2_athens_ws/install/first_package/lib/python3.8/site-packages/first_package-0.0.0-py3.8.egg-info
[0.961s] running install_scripts
[0.980s] Installing custom_message_pubsub script to /home/athens/ros2_athens_ws/install/first_package/lib/first_package
[0.981s] Installing simple_publisher_node script to /home/athens/ros2_athens_ws/install/first_package/lib/first_package
[0.981s] Installing simple_pubsub_node script to /home/athens/ros2_athens_ws/install/first_package/lib/first_package
[0.981s] Installing simple_subscriber_node script to /home/athens/ros2_athens_ws/install/first_package/lib/first_package
[0.982s] writing list of installed files to '/home/athens/ros2_athens_ws/build/first_package/install.log'
