[0.725s] Invoking command in '/home/athens/ros2_athens_ws/src/first_package': PYTHONPATH=/home/athens/ros2_athens_ws/build/first_package/prefix_override:/usr/lib/python3/dist-packages/colcon_core/task/python/colcon_distutils_commands:/home/athens/ros2_athens_ws/install/first_package/lib/python3.8/site-packages:${PYTHONPATH} /usr/bin/python3 -W ignore:setup.py install is deprecated setup.py egg_info --egg-base ../../build/first_package build --build-base /home/athens/ros2_athens_ws/build/first_package/build install --record /home/athens/ros2_athens_ws/build/first_package/install.log --install-scripts $base/lib/first_package --single-version-externally-managed install_data
[0.933s] running egg_info
[0.935s] writing ../../build/first_package/first_package.egg-info/PKG-INFO
[0.935s] writing dependency_links to ../../build/first_package/first_package.egg-info/dependency_links.txt
[0.935s] writing entry points to ../../build/first_package/first_package.egg-info/entry_points.txt
[0.935s] writing requirements to ../../build/first_package/first_package.egg-info/requires.txt
[0.935s] writing top-level names to ../../build/first_package/first_package.egg-info/top_level.txt
[0.961s] reading manifest file '../../build/first_package/first_package.egg-info/SOURCES.txt'
[0.962s] writing manifest file '../../build/first_package/first_package.egg-info/SOURCES.txt'
[0.962s] running build
[0.962s] running build_py
[0.963s] running install
[0.963s] running install_lib
[0.967s] running install_data
[0.967s] running install_egg_info
[0.968s] removing '/home/athens/ros2_athens_ws/install/first_package/lib/python3.8/site-packages/first_package-0.0.0-py3.8.egg-info' (and everything under it)
[0.968s] Copying ../../build/first_package/first_package.egg-info to /home/athens/ros2_athens_ws/install/first_package/lib/python3.8/site-packages/first_package-0.0.0-py3.8.egg-info
[0.968s] running install_scripts
[1.022s] Installing custom_message_pubsub script to /home/athens/ros2_athens_ws/install/first_package/lib/first_package
[1.022s] Installing first_message_pubsub script to /home/athens/ros2_athens_ws/install/first_package/lib/first_package
[1.022s] Installing simple_publisher_node script to /home/athens/ros2_athens_ws/install/first_package/lib/first_package
[1.022s] Installing simple_pubsub_node script to /home/athens/ros2_athens_ws/install/first_package/lib/first_package
[1.022s] Installing simple_subscriber_node script to /home/athens/ros2_athens_ws/install/first_package/lib/first_package
[1.022s] writing list of installed files to '/home/athens/ros2_athens_ws/build/first_package/install.log'
[1.048s] Invoked command in '/home/athens/ros2_athens_ws/src/first_package' returned '0': PYTHONPATH=/home/athens/ros2_athens_ws/build/first_package/prefix_override:/usr/lib/python3/dist-packages/colcon_core/task/python/colcon_distutils_commands:/home/athens/ros2_athens_ws/install/first_package/lib/python3.8/site-packages:${PYTHONPATH} /usr/bin/python3 -W ignore:setup.py install is deprecated setup.py egg_info --egg-base ../../build/first_package build --build-base /home/athens/ros2_athens_ws/build/first_package/build install --record /home/athens/ros2_athens_ws/build/first_package/install.log --install-scripts $base/lib/first_package --single-version-externally-managed install_data
