[0.027s] Invoking command in '/home/athens/ros2_athens_ws/build/first_interfaces': CMAKE_PREFIX_PATH=${CMAKE_PREFIX_PATH}:/home/athens/ros2_athens_ws/install/first_package:/home/athens/ros2_ws/install/stm_visualization_node:/home/athens/ros2_ws/install/stm_setup:/home/athens/ros2_ws/install/stm_serial_node:/home/athens/ros2_ws/install/stm_control_node:/opt/ros/foxy /usr/bin/cmake /home/athens/ros2_athens_ws/src/first_interfaces -DCMAKE_INSTALL_PREFIX=/home/athens/ros2_athens_ws/install/first_interfaces
[0.039s] -- Found rosidl_default_generators: 1.0.1 (/opt/ros/foxy/share/rosidl_default_generators/cmake)
[0.040s] -- Found ament_cmake_core: 0.9.12 (/opt/ros/foxy/share/ament_cmake_core/cmake)
[0.066s] -- Found PythonInterp: /usr/bin/python3 (found suitable version "3.8.10", minimum required is "3") 
[0.066s] -- Using PYTHON_EXECUTABLE: /usr/bin/python3
[0.275s] -- Using all available rosidl_typesupport_c: rosidl_typesupport_fastrtps_c;rosidl_typesupport_introspection_c
[0.278s] -- Found rosidl_adapter: 1.3.1 (/opt/ros/foxy/share/rosidl_adapter/cmake)
[0.428s] -- Using all available rosidl_typesupport_cpp: rosidl_typesupport_fastrtps_cpp;rosidl_typesupport_introspection_cpp
[0.454s] -- Found std_msgs: 2.0.5 (/opt/ros/foxy/share/std_msgs/cmake)
[0.489s] PROJECTNAME=first_interfaces
[0.489s] msg_files=msg/first_message.msg
[0.489s] interfaces=first_interfacesmsg/first_message.msg
[0.515s] -- Found PythonInterp: /usr/bin/python3 (found version "3.8.10") 
[0.786s] CMake Error at /opt/ros/foxy/share/rosidl_adapter/cmake/rosidl_adapt_interfaces.cmake:60 (message):
[0.786s]   execute_process(/usr/bin/python3 -m rosidl_adapter --package-name
[0.786s]   first_interfaces --arguments-file
[0.786s]   /home/athens/ros2_athens_ws/build/first_interfaces/rosidl_adapter__arguments__first_interfaces.json
[0.786s]   --output-dir
[0.786s]   /home/athens/ros2_athens_ws/build/first_interfaces/rosidl_adapter/first_interfaces
[0.786s]   --output-file
[0.786s]   /home/athens/ros2_athens_ws/build/first_interfaces/rosidl_adapter/first_interfaces.idls)
[0.786s]   returned error code 1:
[0.786s] 
[0.786s]   Traceback (most recent call last):
[0.786s] 
[0.786s]     File "/usr/lib/python3.8/runpy.py", line 194, in _run_module_as_main
[0.787s]       return _run_code(code, main_globals, None,
[0.787s]     File "/usr/lib/python3.8/runpy.py", line 87, in _run_code
[0.787s]       exec(code, run_globals)
[0.787s]     File "/opt/ros/foxy/lib/python3.8/site-packages/rosidl_adapter/__main__.py", line 19, in <module>
[0.787s]       sys.exit(main())
[0.787s]     File "/opt/ros/foxy/lib/python3.8/site-packages/rosidl_adapter/main.py", line 53, in main
[0.787s]       abs_idl_file = convert_to_idl(
[0.787s]     File "/opt/ros/foxy/lib/python3.8/site-packages/rosidl_adapter/__init__.py", line 19, in convert_to_idl
[0.788s]       return convert_msg_to_idl(
[0.788s]     File "/opt/ros/foxy/lib/python3.8/site-packages/rosidl_adapter/msg/__init__.py", line 28, in convert_msg_to_idl
[0.788s]       msg = parse_message_string(package_name, input_file.stem, content)
[0.788s]     File "/opt/ros/foxy/lib/python3.8/site-packages/rosidl_adapter/parser.py", line 540, in parse_message_string
[0.788s]       msg = MessageSpecification(pkg_name, msg_name, fields, constants)
[0.788s]     File "/opt/ros/foxy/lib/python3.8/site-packages/rosidl_adapter/parser.py", line 387, in __init__
[0.788s]       self.base_type = BaseType(
[0.788s]     File "/opt/ros/foxy/lib/python3.8/site-packages/rosidl_adapter/parser.py", line 204, in __init__
[0.788s]       raise InvalidResourceName(
[0.788s] 
[0.788s]   rosidl_adapter.parser.InvalidResourceName: 'first_message' is an invalid
[0.788s]   message name.  It should have the pattern '^[A-Z][A-Za-z0-9]*$'
[0.789s] 
[0.789s] Call Stack (most recent call first):
[0.789s]   /opt/ros/foxy/share/rosidl_cmake/cmake/rosidl_generate_interfaces.cmake:130 (rosidl_adapt_interfaces)
[0.789s]   CMakeLists.txt:31 (rosidl_generate_interfaces)
[0.789s] 
[0.792s] 
[0.792s] -- Configuring incomplete, errors occurred!
[0.792s] See also "/home/athens/ros2_athens_ws/build/first_interfaces/CMakeFiles/CMakeOutput.log".
[0.810s] Invoked command in '/home/athens/ros2_athens_ws/build/first_interfaces' returned '1': CMAKE_PREFIX_PATH=${CMAKE_PREFIX_PATH}:/home/athens/ros2_athens_ws/install/first_package:/home/athens/ros2_ws/install/stm_visualization_node:/home/athens/ros2_ws/install/stm_setup:/home/athens/ros2_ws/install/stm_serial_node:/home/athens/ros2_ws/install/stm_control_node:/opt/ros/foxy /usr/bin/cmake /home/athens/ros2_athens_ws/src/first_interfaces -DCMAKE_INSTALL_PREFIX=/home/athens/ros2_athens_ws/install/first_interfaces
