[0.125s] DEBUG:colcon:Command line arguments: ['/usr/bin/colcon', 'build']
[0.125s] DEBUG:colcon:Parsed command line arguments: Namespace(allow_overriding=[], ament_cmake_args=None, base_paths=['.'], build_base='build', catkin_cmake_args=None, catkin_skip_building_tests=False, cmake_args=None, cmake_clean_cache=False, cmake_clean_first=False, cmake_force_configure=False, cmake_target=None, cmake_target_skip_unavailable=False, continue_on_error=False, event_handlers=None, executor='parallel', ignore_user_meta=False, install_base='install', log_base=None, log_level=None, main=<bound method BuildVerb.main of <colcon_core.verb.build.BuildVerb object at 0x7f079265f490>>, merge_install=False, metas=['./colcon.meta'], mixin=None, mixin_files=None, mixin_verb=('build',), packages_above=None, packages_above_and_dependencies=None, packages_above_depth=None, packages_end=None, packages_ignore=None, packages_ignore_regex=None, packages_select=None, packages_select_build_failed=False, packages_select_by_dep=None, packages_select_regex=None, packages_select_test_failures=False, packages_skip=None, packages_skip_build_finished=False, packages_skip_by_dep=None, packages_skip_regex=None, packages_skip_test_passed=False, packages_skip_up_to=None, packages_start=None, packages_up_to=None, packages_up_to_regex=None, parallel_workers=6, paths=None, symlink_install=False, test_result_base=None, verb_extension=<colcon_core.verb.build.BuildVerb object at 0x7f079265f490>, verb_name='build', verb_parser=<colcon_mixin.mixin.mixin_argument.MixinArgumentDecorator object at 0x7f079253f400>)
[0.219s] Level 1:colcon.colcon_core.package_discovery:discover_packages(colcon_meta) check parameters
[0.219s] Level 1:colcon.colcon_core.package_discovery:discover_packages(recursive) check parameters
[0.219s] Level 1:colcon.colcon_core.package_discovery:discover_packages(ignore) check parameters
[0.219s] Level 1:colcon.colcon_core.package_discovery:discover_packages(path) check parameters
[0.219s] Level 1:colcon.colcon_core.package_discovery:discover_packages(colcon_meta) discover
[0.219s] Level 1:colcon.colcon_core.package_discovery:discover_packages(recursive) discover
[0.219s] INFO:colcon.colcon_core.package_discovery:Crawling recursively for packages in '/home/athens/ros2_athens_ws'
[0.220s] Level 1:colcon.colcon_core.package_identification:_identify(.) by extensions ['ignore', 'ignore_ament_install']
[0.220s] Level 1:colcon.colcon_core.package_identification:_identify(.) by extension 'ignore'
[0.220s] Level 1:colcon.colcon_core.package_identification:_identify(.) by extension 'ignore_ament_install'
[0.220s] Level 1:colcon.colcon_core.package_identification:_identify(.) by extensions ['colcon_pkg']
[0.220s] Level 1:colcon.colcon_core.package_identification:_identify(.) by extension 'colcon_pkg'
[0.220s] Level 1:colcon.colcon_core.package_identification:_identify(.) by extensions ['colcon_meta']
[0.220s] Level 1:colcon.colcon_core.package_identification:_identify(.) by extension 'colcon_meta'
[0.220s] Level 1:colcon.colcon_core.package_identification:_identify(.) by extensions ['ros']
[0.220s] Level 1:colcon.colcon_core.package_identification:_identify(.) by extension 'ros'
[0.229s] Level 1:colcon.colcon_core.package_identification:_identify(.) by extensions ['cmake', 'python']
[0.229s] Level 1:colcon.colcon_core.package_identification:_identify(.) by extension 'cmake'
[0.229s] Level 1:colcon.colcon_core.package_identification:_identify(.) by extension 'python'
[0.229s] Level 1:colcon.colcon_core.package_identification:_identify(.) by extensions ['python_setup_py']
[0.229s] Level 1:colcon.colcon_core.package_identification:_identify(.) by extension 'python_setup_py'
[0.229s] Level 1:colcon.colcon_core.package_identification:_identify(build) by extensions ['ignore', 'ignore_ament_install']
[0.229s] Level 1:colcon.colcon_core.package_identification:_identify(build) by extension 'ignore'
[0.230s] Level 1:colcon.colcon_core.package_identification:_identify(build) ignored
[0.230s] Level 1:colcon.colcon_core.package_identification:_identify(install) by extensions ['ignore', 'ignore_ament_install']
[0.230s] Level 1:colcon.colcon_core.package_identification:_identify(install) by extension 'ignore'
[0.230s] Level 1:colcon.colcon_core.package_identification:_identify(install) ignored
[0.230s] Level 1:colcon.colcon_core.package_identification:_identify(log) by extensions ['ignore', 'ignore_ament_install']
[0.230s] Level 1:colcon.colcon_core.package_identification:_identify(log) by extension 'ignore'
[0.230s] Level 1:colcon.colcon_core.package_identification:_identify(log) ignored
[0.230s] Level 1:colcon.colcon_core.package_identification:_identify(src) by extensions ['ignore', 'ignore_ament_install']
[0.230s] Level 1:colcon.colcon_core.package_identification:_identify(src) by extension 'ignore'
[0.230s] Level 1:colcon.colcon_core.package_identification:_identify(src) by extension 'ignore_ament_install'
[0.230s] Level 1:colcon.colcon_core.package_identification:_identify(src) by extensions ['colcon_pkg']
[0.230s] Level 1:colcon.colcon_core.package_identification:_identify(src) by extension 'colcon_pkg'
[0.230s] Level 1:colcon.colcon_core.package_identification:_identify(src) by extensions ['colcon_meta']
[0.230s] Level 1:colcon.colcon_core.package_identification:_identify(src) by extension 'colcon_meta'
[0.230s] Level 1:colcon.colcon_core.package_identification:_identify(src) by extensions ['ros']
[0.230s] Level 1:colcon.colcon_core.package_identification:_identify(src) by extension 'ros'
[0.230s] Level 1:colcon.colcon_core.package_identification:_identify(src) by extensions ['cmake', 'python']
[0.230s] Level 1:colcon.colcon_core.package_identification:_identify(src) by extension 'cmake'
[0.230s] Level 1:colcon.colcon_core.package_identification:_identify(src) by extension 'python'
[0.230s] Level 1:colcon.colcon_core.package_identification:_identify(src) by extensions ['python_setup_py']
[0.230s] Level 1:colcon.colcon_core.package_identification:_identify(src) by extension 'python_setup_py'
[0.230s] Level 1:colcon.colcon_core.package_identification:_identify(src/build) by extensions ['ignore', 'ignore_ament_install']
[0.231s] Level 1:colcon.colcon_core.package_identification:_identify(src/build) by extension 'ignore'
[0.231s] Level 1:colcon.colcon_core.package_identification:_identify(src/build) ignored
[0.231s] Level 1:colcon.colcon_core.package_identification:_identify(src/first_interfaces) by extensions ['ignore', 'ignore_ament_install']
[0.231s] Level 1:colcon.colcon_core.package_identification:_identify(src/first_interfaces) by extension 'ignore'
[0.231s] Level 1:colcon.colcon_core.package_identification:_identify(src/first_interfaces) by extension 'ignore_ament_install'
[0.231s] Level 1:colcon.colcon_core.package_identification:_identify(src/first_interfaces) by extensions ['colcon_pkg']
[0.231s] Level 1:colcon.colcon_core.package_identification:_identify(src/first_interfaces) by extension 'colcon_pkg'
[0.231s] Level 1:colcon.colcon_core.package_identification:_identify(src/first_interfaces) by extensions ['colcon_meta']
[0.231s] Level 1:colcon.colcon_core.package_identification:_identify(src/first_interfaces) by extension 'colcon_meta'
[0.231s] Level 1:colcon.colcon_core.package_identification:_identify(src/first_interfaces) by extensions ['ros']
[0.231s] Level 1:colcon.colcon_core.package_identification:_identify(src/first_interfaces) by extension 'ros'
[0.233s] DEBUG:colcon.colcon_core.package_identification:Package 'src/first_interfaces' with type 'ros.ament_cmake' and name 'first_interfaces'
[0.233s] Level 1:colcon.colcon_core.package_identification:_identify(src/first_package) by extensions ['ignore', 'ignore_ament_install']
[0.233s] Level 1:colcon.colcon_core.package_identification:_identify(src/first_package) by extension 'ignore'
[0.233s] Level 1:colcon.colcon_core.package_identification:_identify(src/first_package) by extension 'ignore_ament_install'
[0.233s] Level 1:colcon.colcon_core.package_identification:_identify(src/first_package) by extensions ['colcon_pkg']
[0.233s] Level 1:colcon.colcon_core.package_identification:_identify(src/first_package) by extension 'colcon_pkg'
[0.233s] Level 1:colcon.colcon_core.package_identification:_identify(src/first_package) by extensions ['colcon_meta']
[0.233s] Level 1:colcon.colcon_core.package_identification:_identify(src/first_package) by extension 'colcon_meta'
[0.233s] Level 1:colcon.colcon_core.package_identification:_identify(src/first_package) by extensions ['ros']
[0.233s] Level 1:colcon.colcon_core.package_identification:_identify(src/first_package) by extension 'ros'
[0.234s] DEBUG:colcon.colcon_core.package_identification:Package 'src/first_package' with type 'ros.ament_python' and name 'first_package'
[0.234s] Level 1:colcon.colcon_core.package_identification:_identify(src/install) by extensions ['ignore', 'ignore_ament_install']
[0.234s] Level 1:colcon.colcon_core.package_identification:_identify(src/install) by extension 'ignore'
[0.234s] Level 1:colcon.colcon_core.package_identification:_identify(src/install) ignored
[0.234s] Level 1:colcon.colcon_core.package_identification:_identify(src/log) by extensions ['ignore', 'ignore_ament_install']
[0.234s] Level 1:colcon.colcon_core.package_identification:_identify(src/log) by extension 'ignore'
[0.234s] Level 1:colcon.colcon_core.package_identification:_identify(src/log) ignored
[0.234s] Level 1:colcon.colcon_core.package_identification:_identify(src/stm_station) by extensions ['ignore', 'ignore_ament_install']
[0.234s] Level 1:colcon.colcon_core.package_identification:_identify(src/stm_station) by extension 'ignore'
[0.234s] Level 1:colcon.colcon_core.package_identification:_identify(src/stm_station) by extension 'ignore_ament_install'
[0.234s] Level 1:colcon.colcon_core.package_identification:_identify(src/stm_station) by extensions ['colcon_pkg']
[0.235s] Level 1:colcon.colcon_core.package_identification:_identify(src/stm_station) by extension 'colcon_pkg'
[0.235s] Level 1:colcon.colcon_core.package_identification:_identify(src/stm_station) by extensions ['colcon_meta']
[0.235s] Level 1:colcon.colcon_core.package_identification:_identify(src/stm_station) by extension 'colcon_meta'
[0.235s] Level 1:colcon.colcon_core.package_identification:_identify(src/stm_station) by extensions ['ros']
[0.235s] Level 1:colcon.colcon_core.package_identification:_identify(src/stm_station) by extension 'ros'
[0.235s] DEBUG:colcon.colcon_core.package_identification:Package 'src/stm_station' with type 'ros.ament_python' and name 'stm_station'
[0.235s] Level 1:colcon.colcon_core.package_discovery:discover_packages(recursive) using defaults
[0.235s] Level 1:colcon.colcon_core.package_discovery:discover_packages(ignore) discover
[0.235s] Level 1:colcon.colcon_core.package_discovery:discover_packages(ignore) using defaults
[0.235s] Level 1:colcon.colcon_core.package_discovery:discover_packages(path) discover
[0.235s] Level 1:colcon.colcon_core.package_discovery:discover_packages(path) using defaults
[0.247s] Level 1:colcon.colcon_core.package_discovery:discover_packages(prefix_path) check parameters
[0.247s] Level 1:colcon.colcon_core.package_discovery:discover_packages(prefix_path) discover
[0.249s] DEBUG:colcon.colcon_installed_package_information.package_discovery:Found 3 installed packages in /home/athens/ros2_athens_ws/install
[0.250s] DEBUG:colcon.colcon_installed_package_information.package_discovery:Found 6 installed packages in /home/athens/ros2_ws/install
[0.251s] DEBUG:colcon.colcon_installed_package_information.package_discovery:Found 256 installed packages in /opt/ros/foxy
[0.258s] Level 1:colcon.colcon_core.package_discovery:discover_packages(prefix_path) using defaults
[0.294s] Level 5:colcon.colcon_core.verb:set package 'first_interfaces' build argument 'cmake_args' from command line to 'None'
[0.294s] Level 5:colcon.colcon_core.verb:set package 'first_interfaces' build argument 'cmake_target' from command line to 'None'
[0.294s] Level 5:colcon.colcon_core.verb:set package 'first_interfaces' build argument 'cmake_target_skip_unavailable' from command line to 'False'
[0.294s] Level 5:colcon.colcon_core.verb:set package 'first_interfaces' build argument 'cmake_clean_cache' from command line to 'False'
[0.294s] Level 5:colcon.colcon_core.verb:set package 'first_interfaces' build argument 'cmake_clean_first' from command line to 'False'
[0.294s] Level 5:colcon.colcon_core.verb:set package 'first_interfaces' build argument 'cmake_force_configure' from command line to 'False'
[0.294s] Level 5:colcon.colcon_core.verb:set package 'first_interfaces' build argument 'ament_cmake_args' from command line to 'None'
[0.294s] Level 5:colcon.colcon_core.verb:set package 'first_interfaces' build argument 'catkin_cmake_args' from command line to 'None'
[0.294s] Level 5:colcon.colcon_core.verb:set package 'first_interfaces' build argument 'catkin_skip_building_tests' from command line to 'False'
[0.294s] DEBUG:colcon.colcon_core.verb:Building package 'first_interfaces' with the following arguments: {'ament_cmake_args': None, 'build_base': '/home/athens/ros2_athens_ws/build/first_interfaces', 'catkin_cmake_args': None, 'catkin_skip_building_tests': False, 'cmake_args': None, 'cmake_clean_cache': False, 'cmake_clean_first': False, 'cmake_force_configure': False, 'cmake_target': None, 'cmake_target_skip_unavailable': False, 'install_base': '/home/athens/ros2_athens_ws/install/first_interfaces', 'merge_install': False, 'path': '/home/athens/ros2_athens_ws/src/first_interfaces', 'symlink_install': False, 'test_result_base': None}
[0.295s] Level 5:colcon.colcon_core.verb:set package 'first_package' build argument 'cmake_args' from command line to 'None'
[0.295s] Level 5:colcon.colcon_core.verb:set package 'first_package' build argument 'cmake_target' from command line to 'None'
[0.295s] Level 5:colcon.colcon_core.verb:set package 'first_package' build argument 'cmake_target_skip_unavailable' from command line to 'False'
[0.295s] Level 5:colcon.colcon_core.verb:set package 'first_package' build argument 'cmake_clean_cache' from command line to 'False'
[0.295s] Level 5:colcon.colcon_core.verb:set package 'first_package' build argument 'cmake_clean_first' from command line to 'False'
[0.295s] Level 5:colcon.colcon_core.verb:set package 'first_package' build argument 'cmake_force_configure' from command line to 'False'
[0.295s] Level 5:colcon.colcon_core.verb:set package 'first_package' build argument 'ament_cmake_args' from command line to 'None'
[0.295s] Level 5:colcon.colcon_core.verb:set package 'first_package' build argument 'catkin_cmake_args' from command line to 'None'
[0.295s] Level 5:colcon.colcon_core.verb:set package 'first_package' build argument 'catkin_skip_building_tests' from command line to 'False'
[0.295s] DEBUG:colcon.colcon_core.verb:Building package 'first_package' with the following arguments: {'ament_cmake_args': None, 'build_base': '/home/athens/ros2_athens_ws/build/first_package', 'catkin_cmake_args': None, 'catkin_skip_building_tests': False, 'cmake_args': None, 'cmake_clean_cache': False, 'cmake_clean_first': False, 'cmake_force_configure': False, 'cmake_target': None, 'cmake_target_skip_unavailable': False, 'install_base': '/home/athens/ros2_athens_ws/install/first_package', 'merge_install': False, 'path': '/home/athens/ros2_athens_ws/src/first_package', 'symlink_install': False, 'test_result_base': None}
[0.295s] Level 5:colcon.colcon_core.verb:set package 'stm_station' build argument 'cmake_args' from command line to 'None'
[0.295s] Level 5:colcon.colcon_core.verb:set package 'stm_station' build argument 'cmake_target' from command line to 'None'
[0.295s] Level 5:colcon.colcon_core.verb:set package 'stm_station' build argument 'cmake_target_skip_unavailable' from command line to 'False'
[0.295s] Level 5:colcon.colcon_core.verb:set package 'stm_station' build argument 'cmake_clean_cache' from command line to 'False'
[0.295s] Level 5:colcon.colcon_core.verb:set package 'stm_station' build argument 'cmake_clean_first' from command line to 'False'
[0.295s] Level 5:colcon.colcon_core.verb:set package 'stm_station' build argument 'cmake_force_configure' from command line to 'False'
[0.295s] Level 5:colcon.colcon_core.verb:set package 'stm_station' build argument 'ament_cmake_args' from command line to 'None'
[0.295s] Level 5:colcon.colcon_core.verb:set package 'stm_station' build argument 'catkin_cmake_args' from command line to 'None'
[0.295s] Level 5:colcon.colcon_core.verb:set package 'stm_station' build argument 'catkin_skip_building_tests' from command line to 'False'
[0.295s] DEBUG:colcon.colcon_core.verb:Building package 'stm_station' with the following arguments: {'ament_cmake_args': None, 'build_base': '/home/athens/ros2_athens_ws/build/stm_station', 'catkin_cmake_args': None, 'catkin_skip_building_tests': False, 'cmake_args': None, 'cmake_clean_cache': False, 'cmake_clean_first': False, 'cmake_force_configure': False, 'cmake_target': None, 'cmake_target_skip_unavailable': False, 'install_base': '/home/athens/ros2_athens_ws/install/stm_station', 'merge_install': False, 'path': '/home/athens/ros2_athens_ws/src/stm_station', 'symlink_install': False, 'test_result_base': None}
[0.295s] INFO:colcon.colcon_core.executor:Executing jobs using 'parallel' executor
[0.297s] DEBUG:colcon.colcon_parallel_executor.executor.parallel:run_until_complete
[0.297s] INFO:colcon.colcon_ros.task.ament_cmake.build:Building ROS package in '/home/athens/ros2_athens_ws/src/first_interfaces' with build type 'ament_cmake'
[0.297s] INFO:colcon.colcon_cmake.task.cmake.build:Building CMake package in '/home/athens/ros2_athens_ws/src/first_interfaces'
[0.300s] INFO:colcon.colcon_core.plugin_system:Skipping extension 'colcon_core.shell.bat': Not used on non-Windows systems
[0.300s] INFO:colcon.colcon_core.shell:Skip shell extension 'powershell' for command environment: Not usable outside of PowerShell
[0.300s] DEBUG:colcon.colcon_core.shell:Skip shell extension 'dsv' for command environment
[0.305s] INFO:colcon.colcon_ros.task.ament_python.build:Building ROS package in '/home/athens/ros2_athens_ws/src/first_package' with build type 'ament_python'
[0.306s] Level 1:colcon.colcon_core.shell:create_environment_hook('first_package', 'ament_prefix_path')
[0.306s] INFO:colcon.colcon_core.shell:Creating environment hook '/home/athens/ros2_athens_ws/install/first_package/share/first_package/hook/ament_prefix_path.ps1'
[0.308s] INFO:colcon.colcon_core.shell:Creating environment descriptor '/home/athens/ros2_athens_ws/install/first_package/share/first_package/hook/ament_prefix_path.dsv'
[0.309s] INFO:colcon.colcon_core.shell:Creating environment hook '/home/athens/ros2_athens_ws/install/first_package/share/first_package/hook/ament_prefix_path.sh'
[0.310s] INFO:colcon.colcon_core.shell:Skip shell extension 'powershell' for command environment: Not usable outside of PowerShell
[0.310s] DEBUG:colcon.colcon_core.shell:Skip shell extension 'dsv' for command environment
[0.315s] INFO:colcon.colcon_ros.task.ament_python.build:Building ROS package in '/home/athens/ros2_athens_ws/src/stm_station' with build type 'ament_python'
[0.316s] Level 1:colcon.colcon_core.shell:create_environment_hook('stm_station', 'ament_prefix_path')
[0.316s] INFO:colcon.colcon_core.shell:Creating environment hook '/home/athens/ros2_athens_ws/install/stm_station/share/stm_station/hook/ament_prefix_path.ps1'
[0.318s] INFO:colcon.colcon_core.shell:Creating environment descriptor '/home/athens/ros2_athens_ws/install/stm_station/share/stm_station/hook/ament_prefix_path.dsv'
[0.319s] INFO:colcon.colcon_core.shell:Creating environment hook '/home/athens/ros2_athens_ws/install/stm_station/share/stm_station/hook/ament_prefix_path.sh'
[0.320s] INFO:colcon.colcon_core.shell:Skip shell extension 'powershell' for command environment: Not usable outside of PowerShell
[0.320s] DEBUG:colcon.colcon_core.shell:Skip shell extension 'dsv' for command environment
[0.337s] DEBUG:colcon.colcon_core.event_handler.log_command:Invoking command in '/home/athens/ros2_athens_ws/build/first_interfaces': CMAKE_PREFIX_PATH=${CMAKE_PREFIX_PATH}:/home/athens/ros2_athens_ws/install/stm_station:/home/athens/ros2_athens_ws/install/first_package:/home/athens/ros2_ws/install/stm_visualization_node:/home/athens/ros2_ws/install/stm_setup:/home/athens/ros2_ws/install/stm_serial_node:/home/athens/ros2_ws/install/stm_control_node:/opt/ros/foxy /usr/bin/cmake --build /home/athens/ros2_athens_ws/build/first_interfaces -- -j6 -l6
[0.556s] INFO:colcon.colcon_core.task.python.build:Building Python package in '/home/athens/ros2_athens_ws/src/first_package'
[0.556s] INFO:colcon.colcon_core.shell:Skip shell extension 'powershell' for command environment: Not usable outside of PowerShell
[0.556s] DEBUG:colcon.colcon_core.shell:Skip shell extension 'dsv' for command environment
[0.756s] INFO:colcon.colcon_core.task.python.build:Building Python package in '/home/athens/ros2_athens_ws/src/stm_station'
[0.756s] INFO:colcon.colcon_core.shell:Skip shell extension 'powershell' for command environment: Not usable outside of PowerShell
[0.756s] DEBUG:colcon.colcon_core.shell:Skip shell extension 'dsv' for command environment
[0.774s] DEBUG:colcon.colcon_core.event_handler.log_command:Invoked command in '/home/athens/ros2_athens_ws/build/first_interfaces' returned '0': CMAKE_PREFIX_PATH=${CMAKE_PREFIX_PATH}:/home/athens/ros2_athens_ws/install/stm_station:/home/athens/ros2_athens_ws/install/first_package:/home/athens/ros2_ws/install/stm_visualization_node:/home/athens/ros2_ws/install/stm_setup:/home/athens/ros2_ws/install/stm_serial_node:/home/athens/ros2_ws/install/stm_control_node:/opt/ros/foxy /usr/bin/cmake --build /home/athens/ros2_athens_ws/build/first_interfaces -- -j6 -l6
[0.909s] DEBUG:colcon.colcon_core.event_handler.log_command:Invoking command in '/home/athens/ros2_athens_ws/build/first_interfaces': CMAKE_PREFIX_PATH=${CMAKE_PREFIX_PATH}:/home/athens/ros2_athens_ws/install/stm_station:/home/athens/ros2_athens_ws/install/first_package:/home/athens/ros2_ws/install/stm_visualization_node:/home/athens/ros2_ws/install/stm_setup:/home/athens/ros2_ws/install/stm_serial_node:/home/athens/ros2_ws/install/stm_control_node:/opt/ros/foxy /usr/bin/cmake --install /home/athens/ros2_athens_ws/build/first_interfaces
[0.992s] Level 1:colcon.colcon_core.environment:create_environment_scripts_only(first_interfaces)
[0.993s] DEBUG:colcon.colcon_core.event_handler.log_command:Invoked command in '/home/athens/ros2_athens_ws/build/first_interfaces' returned '0': CMAKE_PREFIX_PATH=${CMAKE_PREFIX_PATH}:/home/athens/ros2_athens_ws/install/stm_station:/home/athens/ros2_athens_ws/install/first_package:/home/athens/ros2_ws/install/stm_visualization_node:/home/athens/ros2_ws/install/stm_setup:/home/athens/ros2_ws/install/stm_serial_node:/home/athens/ros2_ws/install/stm_control_node:/opt/ros/foxy /usr/bin/cmake --install /home/athens/ros2_athens_ws/build/first_interfaces
[0.998s] Level 1:colcon.colcon_core.environment:checking '/home/athens/ros2_athens_ws/install/first_interfaces' for CMake module files
[0.998s] Level 1:colcon.colcon_core.environment:checking '/home/athens/ros2_athens_ws/install/first_interfaces' for CMake config files
[0.999s] Level 1:colcon.colcon_core.shell:create_environment_hook('first_interfaces', 'cmake_prefix_path')
[0.999s] INFO:colcon.colcon_core.shell:Creating environment hook '/home/athens/ros2_athens_ws/install/first_interfaces/share/first_interfaces/hook/cmake_prefix_path.ps1'
[1.000s] INFO:colcon.colcon_core.shell:Creating environment descriptor '/home/athens/ros2_athens_ws/install/first_interfaces/share/first_interfaces/hook/cmake_prefix_path.dsv'
[1.001s] INFO:colcon.colcon_core.shell:Creating environment hook '/home/athens/ros2_athens_ws/install/first_interfaces/share/first_interfaces/hook/cmake_prefix_path.sh'
[1.003s] Level 1:colcon.colcon_core.environment:checking '/home/athens/ros2_athens_ws/install/first_interfaces/lib'
[1.004s] Level 1:colcon.colcon_core.shell:create_environment_hook('first_interfaces', 'ld_library_path_lib')
[1.005s] INFO:colcon.colcon_core.shell:Creating environment hook '/home/athens/ros2_athens_ws/install/first_interfaces/share/first_interfaces/hook/ld_library_path_lib.ps1'
[1.007s] INFO:colcon.colcon_core.shell:Creating environment descriptor '/home/athens/ros2_athens_ws/install/first_interfaces/share/first_interfaces/hook/ld_library_path_lib.dsv'
[1.007s] INFO:colcon.colcon_core.shell:Creating environment hook '/home/athens/ros2_athens_ws/install/first_interfaces/share/first_interfaces/hook/ld_library_path_lib.sh'
[1.008s] Level 1:colcon.colcon_core.environment:checking '/home/athens/ros2_athens_ws/install/first_interfaces/bin'
[1.008s] Level 1:colcon.colcon_core.environment:checking '/home/athens/ros2_athens_ws/install/first_interfaces/lib/pkgconfig/first_interfaces.pc'
[1.009s] Level 1:colcon.colcon_core.environment:checking '/home/athens/ros2_athens_ws/install/first_interfaces/lib/python3.8/site-packages'
[1.009s] Level 1:colcon.colcon_core.shell:create_environment_hook('first_interfaces', 'pythonpath')
[1.010s] INFO:colcon.colcon_core.shell:Creating environment hook '/home/athens/ros2_athens_ws/install/first_interfaces/share/first_interfaces/hook/pythonpath.ps1'
[1.011s] INFO:colcon.colcon_core.shell:Creating environment descriptor '/home/athens/ros2_athens_ws/install/first_interfaces/share/first_interfaces/hook/pythonpath.dsv'
[1.012s] INFO:colcon.colcon_core.shell:Creating environment hook '/home/athens/ros2_athens_ws/install/first_interfaces/share/first_interfaces/hook/pythonpath.sh'
[1.013s] Level 1:colcon.colcon_core.environment:checking '/home/athens/ros2_athens_ws/install/first_interfaces/bin'
[1.013s] INFO:colcon.colcon_core.shell:Creating package script '/home/athens/ros2_athens_ws/install/first_interfaces/share/first_interfaces/package.ps1'
[1.015s] INFO:colcon.colcon_core.shell:Creating package descriptor '/home/athens/ros2_athens_ws/install/first_interfaces/share/first_interfaces/package.dsv'
[1.017s] INFO:colcon.colcon_core.shell:Creating package script '/home/athens/ros2_athens_ws/install/first_interfaces/share/first_interfaces/package.sh'
[1.018s] INFO:colcon.colcon_core.shell:Creating package script '/home/athens/ros2_athens_ws/install/first_interfaces/share/first_interfaces/package.bash'
[1.019s] INFO:colcon.colcon_core.shell:Creating package script '/home/athens/ros2_athens_ws/install/first_interfaces/share/first_interfaces/package.zsh'
[1.021s] Level 1:colcon.colcon_core.environment:create_file_with_runtime_dependencies(/home/athens/ros2_athens_ws/install/first_interfaces/share/colcon-core/packages/first_interfaces)
[1.198s] Level 1:colcon.colcon_core.environment:create_environment_scripts_only(first_interfaces)
[1.199s] Level 1:colcon.colcon_core.environment:checking '/home/athens/ros2_athens_ws/install/first_interfaces' for CMake module files
[1.203s] DEBUG:colcon.colcon_core.event_handler.log_command:Invoking command in '/home/athens/ros2_athens_ws/src/first_package': PYTHONPATH=/home/athens/ros2_athens_ws/build/first_package/prefix_override:/usr/lib/python3/dist-packages/colcon_core/task/python/colcon_distutils_commands:/home/athens/ros2_athens_ws/install/first_package/lib/python3.8/site-packages:${PYTHONPATH} /usr/bin/python3 -W ignore:setup.py install is deprecated setup.py egg_info --egg-base ../../build/first_package build --build-base /home/athens/ros2_athens_ws/build/first_package/build install --record /home/athens/ros2_athens_ws/build/first_package/install.log --install-scripts $base/lib/first_package --single-version-externally-managed install_data
[1.204s] Level 1:colcon.colcon_core.environment:checking '/home/athens/ros2_athens_ws/install/first_interfaces' for CMake config files
[1.204s] Level 1:colcon.colcon_core.shell:create_environment_hook('first_interfaces', 'cmake_prefix_path')
[1.205s] INFO:colcon.colcon_core.shell:Creating environment hook '/home/athens/ros2_athens_ws/install/first_interfaces/share/first_interfaces/hook/cmake_prefix_path.ps1'
[1.206s] INFO:colcon.colcon_core.shell:Creating environment descriptor '/home/athens/ros2_athens_ws/install/first_interfaces/share/first_interfaces/hook/cmake_prefix_path.dsv'
[1.208s] INFO:colcon.colcon_core.shell:Creating environment hook '/home/athens/ros2_athens_ws/install/first_interfaces/share/first_interfaces/hook/cmake_prefix_path.sh'
[1.211s] Level 1:colcon.colcon_core.environment:checking '/home/athens/ros2_athens_ws/install/first_interfaces/lib'
[1.211s] Level 1:colcon.colcon_core.shell:create_environment_hook('first_interfaces', 'ld_library_path_lib')
[1.212s] INFO:colcon.colcon_core.shell:Creating environment hook '/home/athens/ros2_athens_ws/install/first_interfaces/share/first_interfaces/hook/ld_library_path_lib.ps1'
[1.213s] INFO:colcon.colcon_core.shell:Creating environment descriptor '/home/athens/ros2_athens_ws/install/first_interfaces/share/first_interfaces/hook/ld_library_path_lib.dsv'
[1.215s] INFO:colcon.colcon_core.shell:Creating environment hook '/home/athens/ros2_athens_ws/install/first_interfaces/share/first_interfaces/hook/ld_library_path_lib.sh'
[1.216s] Level 1:colcon.colcon_core.environment:checking '/home/athens/ros2_athens_ws/install/first_interfaces/bin'
[1.216s] Level 1:colcon.colcon_core.environment:checking '/home/athens/ros2_athens_ws/install/first_interfaces/lib/pkgconfig/first_interfaces.pc'
[1.216s] Level 1:colcon.colcon_core.environment:checking '/home/athens/ros2_athens_ws/install/first_interfaces/lib/python3.8/site-packages'
[1.216s] Level 1:colcon.colcon_core.shell:create_environment_hook('first_interfaces', 'pythonpath')
[1.217s] INFO:colcon.colcon_core.shell:Creating environment hook '/home/athens/ros2_athens_ws/install/first_interfaces/share/first_interfaces/hook/pythonpath.ps1'
[1.218s] INFO:colcon.colcon_core.shell:Creating environment descriptor '/home/athens/ros2_athens_ws/install/first_interfaces/share/first_interfaces/hook/pythonpath.dsv'
[1.219s] INFO:colcon.colcon_core.shell:Creating environment hook '/home/athens/ros2_athens_ws/install/first_interfaces/share/first_interfaces/hook/pythonpath.sh'
[1.221s] Level 1:colcon.colcon_core.environment:checking '/home/athens/ros2_athens_ws/install/first_interfaces/bin'
[1.222s] INFO:colcon.colcon_core.shell:Creating package script '/home/athens/ros2_athens_ws/install/first_interfaces/share/first_interfaces/package.ps1'
[1.223s] INFO:colcon.colcon_core.shell:Creating package descriptor '/home/athens/ros2_athens_ws/install/first_interfaces/share/first_interfaces/package.dsv'
[1.224s] INFO:colcon.colcon_core.shell:Creating package script '/home/athens/ros2_athens_ws/install/first_interfaces/share/first_interfaces/package.sh'
[1.226s] INFO:colcon.colcon_core.shell:Creating package script '/home/athens/ros2_athens_ws/install/first_interfaces/share/first_interfaces/package.bash'
[1.227s] INFO:colcon.colcon_core.shell:Creating package script '/home/athens/ros2_athens_ws/install/first_interfaces/share/first_interfaces/package.zsh'
[1.228s] Level 1:colcon.colcon_core.environment:create_file_with_runtime_dependencies(/home/athens/ros2_athens_ws/install/first_interfaces/share/colcon-core/packages/first_interfaces)
[1.237s] DEBUG:colcon.colcon_core.event_handler.log_command:Invoking command in '/home/athens/ros2_athens_ws/src/stm_station': PYTHONPATH=/home/athens/ros2_athens_ws/build/stm_station/prefix_override:/usr/lib/python3/dist-packages/colcon_core/task/python/colcon_distutils_commands:/home/athens/ros2_athens_ws/install/stm_station/lib/python3.8/site-packages:${PYTHONPATH} /usr/bin/python3 -W ignore:setup.py install is deprecated setup.py egg_info --egg-base ../../build/stm_station build --build-base /home/athens/ros2_athens_ws/build/stm_station/build install --record /home/athens/ros2_athens_ws/build/stm_station/install.log --install-scripts $base/lib/stm_station --single-version-externally-managed install_data
[1.503s] Level 1:colcon.colcon_core.environment:checking '/home/athens/ros2_athens_ws/install/first_package' for CMake module files
[1.503s] Level 1:colcon.colcon_core.environment:checking '/home/athens/ros2_athens_ws/install/first_package' for CMake config files
[1.505s] Level 1:colcon.colcon_core.environment:checking '/home/athens/ros2_athens_ws/install/first_package/lib'
[1.505s] Level 1:colcon.colcon_core.environment:checking '/home/athens/ros2_athens_ws/install/first_package/bin'
[1.505s] Level 1:colcon.colcon_core.environment:checking '/home/athens/ros2_athens_ws/install/first_package/lib/pkgconfig/first_package.pc'
[1.505s] Level 1:colcon.colcon_core.environment:checking '/home/athens/ros2_athens_ws/install/first_package/lib/python3.8/site-packages'
[1.505s] Level 1:colcon.colcon_core.shell:create_environment_hook('first_package', 'pythonpath')
[1.506s] INFO:colcon.colcon_core.shell:Creating environment hook '/home/athens/ros2_athens_ws/install/first_package/share/first_package/hook/pythonpath.ps1'
[1.506s] INFO:colcon.colcon_core.shell:Creating environment descriptor '/home/athens/ros2_athens_ws/install/first_package/share/first_package/hook/pythonpath.dsv'
[1.507s] INFO:colcon.colcon_core.shell:Creating environment hook '/home/athens/ros2_athens_ws/install/first_package/share/first_package/hook/pythonpath.sh'
[1.508s] Level 1:colcon.colcon_core.environment:checking '/home/athens/ros2_athens_ws/install/first_package/bin'
[1.508s] Level 1:colcon.colcon_core.environment:create_environment_scripts_only(first_package)
[1.509s] INFO:colcon.colcon_core.shell:Creating package script '/home/athens/ros2_athens_ws/install/first_package/share/first_package/package.ps1'
[1.509s] INFO:colcon.colcon_core.shell:Creating package descriptor '/home/athens/ros2_athens_ws/install/first_package/share/first_package/package.dsv'
[1.511s] INFO:colcon.colcon_core.shell:Creating package script '/home/athens/ros2_athens_ws/install/first_package/share/first_package/package.sh'
[1.511s] INFO:colcon.colcon_core.shell:Creating package script '/home/athens/ros2_athens_ws/install/first_package/share/first_package/package.bash'
[1.512s] INFO:colcon.colcon_core.shell:Creating package script '/home/athens/ros2_athens_ws/install/first_package/share/first_package/package.zsh'
[1.513s] Level 1:colcon.colcon_core.environment:create_file_with_runtime_dependencies(/home/athens/ros2_athens_ws/install/first_package/share/colcon-core/packages/first_package)
[1.514s] DEBUG:colcon.colcon_core.event_handler.log_command:Invoked command in '/home/athens/ros2_athens_ws/src/first_package' returned '0': PYTHONPATH=/home/athens/ros2_athens_ws/build/first_package/prefix_override:/usr/lib/python3/dist-packages/colcon_core/task/python/colcon_distutils_commands:/home/athens/ros2_athens_ws/install/first_package/lib/python3.8/site-packages:${PYTHONPATH} /usr/bin/python3 -W ignore:setup.py install is deprecated setup.py egg_info --egg-base ../../build/first_package build --build-base /home/athens/ros2_athens_ws/build/first_package/build install --record /home/athens/ros2_athens_ws/build/first_package/install.log --install-scripts $base/lib/first_package --single-version-externally-managed install_data
[1.523s] Level 1:colcon.colcon_core.environment:checking '/home/athens/ros2_athens_ws/install/stm_station' for CMake module files
[1.524s] Level 1:colcon.colcon_core.environment:checking '/home/athens/ros2_athens_ws/install/stm_station' for CMake config files
[1.525s] DEBUG:colcon.colcon_core.event_handler.log_command:Invoked command in '/home/athens/ros2_athens_ws/src/stm_station' returned '0': PYTHONPATH=/home/athens/ros2_athens_ws/build/stm_station/prefix_override:/usr/lib/python3/dist-packages/colcon_core/task/python/colcon_distutils_commands:/home/athens/ros2_athens_ws/install/stm_station/lib/python3.8/site-packages:${PYTHONPATH} /usr/bin/python3 -W ignore:setup.py install is deprecated setup.py egg_info --egg-base ../../build/stm_station build --build-base /home/athens/ros2_athens_ws/build/stm_station/build install --record /home/athens/ros2_athens_ws/build/stm_station/install.log --install-scripts $base/lib/stm_station --single-version-externally-managed install_data
[1.525s] Level 1:colcon.colcon_core.environment:checking '/home/athens/ros2_athens_ws/install/stm_station/lib'
[1.526s] Level 1:colcon.colcon_core.environment:checking '/home/athens/ros2_athens_ws/install/stm_station/bin'
[1.526s] Level 1:colcon.colcon_core.environment:checking '/home/athens/ros2_athens_ws/install/stm_station/lib/pkgconfig/stm_station.pc'
[1.526s] Level 1:colcon.colcon_core.environment:checking '/home/athens/ros2_athens_ws/install/stm_station/lib/python3.8/site-packages'
[1.526s] Level 1:colcon.colcon_core.shell:create_environment_hook('stm_station', 'pythonpath')
[1.526s] INFO:colcon.colcon_core.shell:Creating environment hook '/home/athens/ros2_athens_ws/install/stm_station/share/stm_station/hook/pythonpath.ps1'
[1.527s] INFO:colcon.colcon_core.shell:Creating environment descriptor '/home/athens/ros2_athens_ws/install/stm_station/share/stm_station/hook/pythonpath.dsv'
[1.528s] INFO:colcon.colcon_core.shell:Creating environment hook '/home/athens/ros2_athens_ws/install/stm_station/share/stm_station/hook/pythonpath.sh'
[1.528s] Level 1:colcon.colcon_core.environment:checking '/home/athens/ros2_athens_ws/install/stm_station/bin'
[1.529s] Level 1:colcon.colcon_core.environment:create_environment_scripts_only(stm_station)
[1.529s] INFO:colcon.colcon_core.shell:Creating package script '/home/athens/ros2_athens_ws/install/stm_station/share/stm_station/package.ps1'
[1.530s] INFO:colcon.colcon_core.shell:Creating package descriptor '/home/athens/ros2_athens_ws/install/stm_station/share/stm_station/package.dsv'
[1.530s] INFO:colcon.colcon_core.shell:Creating package script '/home/athens/ros2_athens_ws/install/stm_station/share/stm_station/package.sh'
[1.531s] INFO:colcon.colcon_core.shell:Creating package script '/home/athens/ros2_athens_ws/install/stm_station/share/stm_station/package.bash'
[1.532s] INFO:colcon.colcon_core.shell:Creating package script '/home/athens/ros2_athens_ws/install/stm_station/share/stm_station/package.zsh'
[1.533s] Level 1:colcon.colcon_core.environment:create_file_with_runtime_dependencies(/home/athens/ros2_athens_ws/install/stm_station/share/colcon-core/packages/stm_station)
[1.534s] DEBUG:colcon.colcon_parallel_executor.executor.parallel:closing loop
[1.534s] DEBUG:colcon.colcon_parallel_executor.executor.parallel:loop closed
[1.534s] DEBUG:colcon.colcon_parallel_executor.executor.parallel:run_until_complete finished with '0'
[1.534s] DEBUG:colcon.colcon_core.event_reactor:joining thread
[1.542s] INFO:colcon.colcon_core.plugin_system:Skipping extension 'colcon_notification.desktop_notification.terminal_notifier': Not used on non-Darwin systems
[1.542s] INFO:colcon.colcon_core.plugin_system:Skipping extension 'colcon_notification.desktop_notification.win32': Not used on non-Windows systems
[1.542s] INFO:colcon.colcon_notification.desktop_notification:Sending desktop notification using 'notify2'
[1.559s] DEBUG:colcon.colcon_core.event_reactor:joined thread
[1.559s] INFO:colcon.colcon_core.shell:Creating prefix script '/home/athens/ros2_athens_ws/install/local_setup.ps1'
[1.560s] INFO:colcon.colcon_core.shell:Creating prefix util module '/home/athens/ros2_athens_ws/install/_local_setup_util_ps1.py'
[1.562s] INFO:colcon.colcon_core.shell:Creating prefix chain script '/home/athens/ros2_athens_ws/install/setup.ps1'
[1.563s] INFO:colcon.colcon_core.shell:Creating prefix script '/home/athens/ros2_athens_ws/install/local_setup.sh'
[1.564s] INFO:colcon.colcon_core.shell:Creating prefix util module '/home/athens/ros2_athens_ws/install/_local_setup_util_sh.py'
[1.564s] INFO:colcon.colcon_core.shell:Creating prefix chain script '/home/athens/ros2_athens_ws/install/setup.sh'
[1.566s] INFO:colcon.colcon_core.shell:Creating prefix script '/home/athens/ros2_athens_ws/install/local_setup.bash'
[1.566s] INFO:colcon.colcon_core.shell:Creating prefix chain script '/home/athens/ros2_athens_ws/install/setup.bash'
[1.567s] INFO:colcon.colcon_core.shell:Creating prefix script '/home/athens/ros2_athens_ws/install/local_setup.zsh'
[1.568s] INFO:colcon.colcon_core.shell:Creating prefix chain script '/home/athens/ros2_athens_ws/install/setup.zsh'
