[0.846s] Invoking command in '/home/athens/ros2_athens_ws/src/first_package': PYTHONPATH=/home/athens/ros2_athens_ws/build/first_package/prefix_override:/usr/lib/python3/dist-packages/colcon_core/task/python/colcon_distutils_commands:/home/athens/ros2_athens_ws/install/first_package/lib/python3.8/site-packages:${PYTHONPATH} /usr/bin/python3 -W ignore:setup.py install is deprecated setup.py egg_info --egg-base ../../build/first_package build --build-base /home/athens/ros2_athens_ws/build/first_package/build install --record /home/athens/ros2_athens_ws/build/first_package/install.log --install-scripts $base/lib/first_package --single-version-externally-managed install_data
[1.229s] running egg_info
[1.230s] writing ../../build/first_package/first_package.egg-info/PKG-INFO
[1.231s] writing dependency_links to ../../build/first_package/first_package.egg-info/dependency_links.txt
[1.232s] writing entry points to ../../build/first_package/first_package.egg-info/entry_points.txt
[1.233s] writing requirements to ../../build/first_package/first_package.egg-info/requires.txt
[1.234s] writing top-level names to ../../build/first_package/first_package.egg-info/top_level.txt
[1.296s] reading manifest file '../../build/first_package/first_package.egg-info/SOURCES.txt'
[1.298s] writing manifest file '../../build/first_package/first_package.egg-info/SOURCES.txt'
[1.299s] running build
[1.299s] running build_py
[1.299s] copying first_package/custom_message_pubsub.py -> /home/athens/ros2_athens_ws/build/first_package/build/lib/first_package
[1.300s] running install
[1.301s] running install_lib
[1.303s] copying /home/athens/ros2_athens_ws/build/first_package/build/lib/first_package/custom_message_pubsub.py -> /home/athens/ros2_athens_ws/install/first_package/lib/python3.8/site-packages/first_package
[1.304s] byte-compiling /home/athens/ros2_athens_ws/install/first_package/lib/python3.8/site-packages/first_package/custom_message_pubsub.py to custom_message_pubsub.cpython-38.pyc
[1.306s] running install_data
[1.306s] running install_egg_info
[1.308s] removing '/home/athens/ros2_athens_ws/install/first_package/lib/python3.8/site-packages/first_package-0.0.0-py3.8.egg-info' (and everything under it)
[1.313s] Copying ../../build/first_package/first_package.egg-info to /home/athens/ros2_athens_ws/install/first_package/lib/python3.8/site-packages/first_package-0.0.0-py3.8.egg-info
[1.313s] running install_scripts
[1.342s] Installing custom_message_pubsub script to /home/athens/ros2_athens_ws/install/first_package/lib/first_package
[1.345s] Installing simple_publisher_node script to /home/athens/ros2_athens_ws/install/first_package/lib/first_package
[1.351s] Installing simple_pubsub_node script to /home/athens/ros2_athens_ws/install/first_package/lib/first_package
[1.352s] Installing simple_subscriber_node script to /home/athens/ros2_athens_ws/install/first_package/lib/first_package
[1.356s] writing list of installed files to '/home/athens/ros2_athens_ws/build/first_package/install.log'
[1.397s] Invoked command in '/home/athens/ros2_athens_ws/src/first_package' returned '0': PYTHONPATH=/home/athens/ros2_athens_ws/build/first_package/prefix_override:/usr/lib/python3/dist-packages/colcon_core/task/python/colcon_distutils_commands:/home/athens/ros2_athens_ws/install/first_package/lib/python3.8/site-packages:${PYTHONPATH} /usr/bin/python3 -W ignore:setup.py install is deprecated setup.py egg_info --egg-base ../../build/first_package build --build-base /home/athens/ros2_athens_ws/build/first_package/build install --record /home/athens/ros2_athens_ws/build/first_package/install.log --install-scripts $base/lib/first_package --single-version-externally-managed install_data
