[0.757s] Invoking command in '/home/athens/ros2_athens_ws/src/first_package': PYTHONPATH=/home/athens/ros2_athens_ws/build/first_package/prefix_override:/usr/lib/python3/dist-packages/colcon_core/task/python/colcon_distutils_commands:/home/athens/ros2_athens_ws/install/first_package/lib/python3.8/site-packages:${PYTHONPATH} /usr/bin/python3 -W ignore:setup.py install is deprecated setup.py egg_info --egg-base ../../build/first_package build --build-base /home/athens/ros2_athens_ws/build/first_package/build install --record /home/athens/ros2_athens_ws/build/first_package/install.log --install-scripts $base/lib/first_package --single-version-externally-managed install_data
[0.891s] running egg_info
[0.892s] creating ../../build/first_package/first_package.egg-info
[0.892s] writing ../../build/first_package/first_package.egg-info/PKG-INFO
[0.892s] writing dependency_links to ../../build/first_package/first_package.egg-info/dependency_links.txt
[0.892s] writing entry points to ../../build/first_package/first_package.egg-info/entry_points.txt
[0.892s] writing requirements to ../../build/first_package/first_package.egg-info/requires.txt
[0.892s] writing top-level names to ../../build/first_package/first_package.egg-info/top_level.txt
[0.907s] writing manifest file '../../build/first_package/first_package.egg-info/SOURCES.txt'
[0.928s] reading manifest file '../../build/first_package/first_package.egg-info/SOURCES.txt'
[0.929s] writing manifest file '../../build/first_package/first_package.egg-info/SOURCES.txt'
[0.929s] running build
[0.929s] running build_py
[0.930s] creating /home/athens/ros2_athens_ws/build/first_package/build
[0.930s] creating /home/athens/ros2_athens_ws/build/first_package/build/lib
[0.930s] creating /home/athens/ros2_athens_ws/build/first_package/build/lib/first_package
[0.930s] copying first_package/__init__.py -> /home/athens/ros2_athens_ws/build/first_package/build/lib/first_package
[0.930s] running install
[0.931s] running install_lib
[0.931s] creating /home/athens/ros2_athens_ws/install/first_package/lib/python3.8/site-packages/first_package
[0.931s] copying /home/athens/ros2_athens_ws/build/first_package/build/lib/first_package/__init__.py -> /home/athens/ros2_athens_ws/install/first_package/lib/python3.8/site-packages/first_package
[0.931s] byte-compiling /home/athens/ros2_athens_ws/install/first_package/lib/python3.8/site-packages/first_package/__init__.py to __init__.cpython-38.pyc
[0.932s] running install_data
[0.932s] creating /home/athens/ros2_athens_ws/install/first_package/share/ament_index
[0.932s] creating /home/athens/ros2_athens_ws/install/first_package/share/ament_index/resource_index
[0.932s] creating /home/athens/ros2_athens_ws/install/first_package/share/ament_index/resource_index/packages
[0.932s] copying resource/first_package -> /home/athens/ros2_athens_ws/install/first_package/share/ament_index/resource_index/packages
[0.932s] copying package.xml -> /home/athens/ros2_athens_ws/install/first_package/share/first_package
[0.932s] running install_egg_info
[0.934s] Copying ../../build/first_package/first_package.egg-info to /home/athens/ros2_athens_ws/install/first_package/lib/python3.8/site-packages/first_package-0.0.0-py3.8.egg-info
[0.934s] running install_scripts
[0.946s] writing list of installed files to '/home/athens/ros2_athens_ws/build/first_package/install.log'
[0.964s] Invoked command in '/home/athens/ros2_athens_ws/src/first_package' returned '0': PYTHONPATH=/home/athens/ros2_athens_ws/build/first_package/prefix_override:/usr/lib/python3/dist-packages/colcon_core/task/python/colcon_distutils_commands:/home/athens/ros2_athens_ws/install/first_package/lib/python3.8/site-packages:${PYTHONPATH} /usr/bin/python3 -W ignore:setup.py install is deprecated setup.py egg_info --egg-base ../../build/first_package build --build-base /home/athens/ros2_athens_ws/build/first_package/build install --record /home/athens/ros2_athens_ws/build/first_package/install.log --install-scripts $base/lib/first_package --single-version-externally-managed install_data
