[0.030s] Invoking command in '/home/athens/ros2_athens_ws/build/first_interfaces': CMAKE_PREFIX_PATH=${CMAKE_PREFIX_PATH}:/home/athens/ros2_athens_ws/install/first_package:/home/athens/ros2_ws/install/stm_visualization_node:/home/athens/ros2_ws/install/stm_setup:/home/athens/ros2_ws/install/stm_serial_node:/home/athens/ros2_ws/install/stm_control_node:/opt/ros/foxy /usr/bin/cmake --build /home/athens/ros2_athens_ws/build/first_interfaces -- -j6 -l6
[0.067s] -- Found rosidl_default_generators: 1.0.1 (/opt/ros/foxy/share/rosidl_default_generators/cmake)
[0.067s] -- Found ament_cmake_core: 0.9.12 (/opt/ros/foxy/share/ament_cmake_core/cmake)
[0.112s] -- Found PythonInterp: /usr/bin/python3 (found suitable version "3.8.10", minimum required is "3") 
[0.112s] -- Using PYTHON_EXECUTABLE: /usr/bin/python3
[0.306s] -- Using all available rosidl_typesupport_c: rosidl_typesupport_fastrtps_c;rosidl_typesupport_introspection_c
[0.311s] -- Found rosidl_adapter: 1.3.1 (/opt/ros/foxy/share/rosidl_adapter/cmake)
[0.482s] -- Using all available rosidl_typesupport_cpp: rosidl_typesupport_fastrtps_cpp;rosidl_typesupport_introspection_cpp
[0.505s] -- Found std_msgs: 2.0.5 (/opt/ros/foxy/share/std_msgs/cmake)
[0.563s] -- Found PythonInterp: /usr/bin/python3 (found version "3.8.10") 
[0.780s] -- Found ament_cmake_ros: 0.9.2 (/opt/ros/foxy/share/ament_cmake_ros/cmake)
[0.873s] -- Using all available rosidl_typesupport_c: rosidl_typesupport_fastrtps_c;rosidl_typesupport_introspection_c
[0.880s] -- Using all available rosidl_typesupport_cpp: rosidl_typesupport_fastrtps_cpp;rosidl_typesupport_introspection_cpp
[0.902s] -- Found PythonInterp: /usr/bin/python3 (found suitable version "3.8.10", minimum required is "3.5") 
[0.902s] -- Found python_cmake_module: 0.8.1 (/opt/ros/foxy/share/python_cmake_module/cmake)
[0.923s] -- Using PYTHON_EXECUTABLE: /usr/bin/python3
[0.923s] -- Using PYTHON_INCLUDE_DIRS: /usr/include/python3.8
[0.923s] -- Using PYTHON_LIBRARIES: /usr/lib/x86_64-linux-gnu/libpython3.8.so
[0.939s] -- Found ament_lint_auto: 0.9.8 (/opt/ros/foxy/share/ament_lint_auto/cmake)
[0.948s] -- Added test 'copyright' to check source files copyright and LICENSE
[0.949s] -- Added test 'lint_cmake' to check CMake code style
[0.950s] -- Added test 'xmllint' to check XML markup files
[0.961s] -- Configuring done
[1.023s] -- Generating done
[1.042s] -- Build files have been written to: /home/athens/ros2_athens_ws/build/first_interfaces
[1.081s] [  3%] [34m[1mGenerating C code for ROS interfaces[0m
[1.112s] [  6%] [34m[1mGenerating C++ code for ROS interfaces[0m
[1.370s] [35m[1mScanning dependencies of target first_interfaces__rosidl_generator_c[0m
[1.391s] [  9%] [32mBuilding C object CMakeFiles/first_interfaces__rosidl_generator_c.dir/rosidl_generator_c/first_interfaces/msg/detail/first_message__functions.c.o[0m
[1.397s] [  9%] Built target first_interfaces__cpp
[1.423s] [ 12%] [34m[1mGenerating C++ introspection for ROS interfaces[0m
[1.424s] [ 16%] [34m[1mGenerating C++ type support for eProsima Fast-RTPS[0m
[1.424s] [ 19%] [34m[1mGenerating C++ type support dispatch for ROS interfaces[0m
[1.458s] [ 22%] [32m[1mLinking C shared library libfirst_interfaces__rosidl_generator_c.so[0m
[1.507s] [ 22%] Built target first_interfaces__rosidl_generator_c
[1.528s] [ 25%] [34m[1mGenerating C type support dispatch for ROS interfaces[0m
[1.529s] [ 29%] [34m[1mGenerating C introspection for ROS interfaces[0m
[1.723s] [35m[1mScanning dependencies of target first_interfaces__rosidl_typesupport_cpp[0m
[1.723s] [35m[1mScanning dependencies of target first_interfaces__rosidl_typesupport_fastrtps_cpp[0m
[1.732s] [35m[1mScanning dependencies of target first_interfaces__rosidl_typesupport_introspection_cpp[0m
[1.747s] [ 32%] [32mBuilding CXX object CMakeFiles/first_interfaces__rosidl_typesupport_cpp.dir/rosidl_typesupport_cpp/first_interfaces/msg/first_message__type_support.cpp.o[0m
[1.759s] [ 35%] [32mBuilding CXX object CMakeFiles/first_interfaces__rosidl_typesupport_fastrtps_cpp.dir/rosidl_typesupport_fastrtps_cpp/first_interfaces/msg/detail/dds_fastrtps/first_message__type_support.cpp.o[0m
[1.781s] [ 38%] [32mBuilding CXX object CMakeFiles/first_interfaces__rosidl_typesupport_introspection_cpp.dir/rosidl_typesupport_introspection_cpp/first_interfaces/msg/detail/first_message__type_support.cpp.o[0m
[1.855s] [35m[1mScanning dependencies of target first_interfaces__rosidl_typesupport_introspection_c[0m
[1.889s] [35m[1mScanning dependencies of target first_interfaces__rosidl_typesupport_c[0m
[1.900s] [ 41%] [32mBuilding C object CMakeFiles/first_interfaces__rosidl_typesupport_introspection_c.dir/rosidl_typesupport_introspection_c/first_interfaces/msg/detail/first_message__type_support.c.o[0m
[1.924s] [ 45%] [32mBuilding CXX object CMakeFiles/first_interfaces__rosidl_typesupport_c.dir/rosidl_typesupport_c/first_interfaces/msg/first_message__type_support.cpp.o[0m
[1.956s] [ 48%] [32m[1mLinking C shared library libfirst_interfaces__rosidl_typesupport_introspection_c.so[0m
[1.979s] [ 51%] [32m[1mLinking CXX shared library libfirst_interfaces__rosidl_typesupport_c.so[0m
[2.053s] [ 51%] Built target first_interfaces__rosidl_typesupport_introspection_c
[2.068s] [ 51%] Built target first_interfaces__rosidl_typesupport_c
[2.145s] [ 54%] [32m[1mLinking CXX shared library libfirst_interfaces__rosidl_typesupport_cpp.so[0m
[2.205s] [ 54%] Built target first_interfaces__rosidl_typesupport_cpp
[2.209s] [ 58%] [32m[1mLinking CXX shared library libfirst_interfaces__rosidl_typesupport_introspection_cpp.so[0m
[2.309s] [ 58%] Built target first_interfaces__rosidl_typesupport_introspection_cpp
[2.320s] [ 61%] [32m[1mLinking CXX shared library libfirst_interfaces__rosidl_typesupport_fastrtps_cpp.so[0m
[2.425s] [ 61%] Built target first_interfaces__rosidl_typesupport_fastrtps_cpp
[2.436s] [ 64%] [34m[1mGenerating C type support for eProsima Fast-RTPS[0m
[2.644s] [35m[1mScanning dependencies of target first_interfaces__rosidl_typesupport_fastrtps_c[0m
[2.660s] [ 67%] [32mBuilding CXX object CMakeFiles/first_interfaces__rosidl_typesupport_fastrtps_c.dir/rosidl_typesupport_fastrtps_c/first_interfaces/msg/detail/first_message__type_support_c.cpp.o[0m
[2.898s] [ 70%] [32m[1mLinking CXX shared library libfirst_interfaces__rosidl_typesupport_fastrtps_c.so[0m
[3.032s] [ 70%] Built target first_interfaces__rosidl_typesupport_fastrtps_c
[3.069s] [ 70%] Built target first_interfaces
[3.093s] [ 74%] [34m[1mGenerating Python code for ROS interfaces[0m
[3.482s] [ 74%] Built target first_interfaces__py
[3.493s] [35m[1mScanning dependencies of target first_interfaces__python[0m
[3.519s] [ 77%] [32mBuilding C object CMakeFiles/first_interfaces__python.dir/rosidl_generator_py/first_interfaces/msg/_first_message_s.c.o[0m
[3.613s] [ 80%] [32m[1mLinking C shared library rosidl_generator_py/first_interfaces/libfirst_interfaces__python.so[0m
[3.651s] [ 80%] Built target first_interfaces__python
[3.668s] [35m[1mScanning dependencies of target first_interfaces__rosidl_typesupport_c__pyext[0m
[3.669s] [35m[1mScanning dependencies of target first_interfaces__rosidl_typesupport_introspection_c__pyext[0m
[3.677s] [35m[1mScanning dependencies of target first_interfaces__rosidl_typesupport_fastrtps_c__pyext[0m
[3.690s] [ 83%] [32mBuilding C object CMakeFiles/first_interfaces__rosidl_typesupport_c__pyext.dir/rosidl_generator_py/first_interfaces/_first_interfaces_s.ep.rosidl_typesupport_c.c.o[0m
[3.692s] [ 87%] [32mBuilding C object CMakeFiles/first_interfaces__rosidl_typesupport_introspection_c__pyext.dir/rosidl_generator_py/first_interfaces/_first_interfaces_s.ep.rosidl_typesupport_introspection_c.c.o[0m
[3.699s] [ 90%] [32mBuilding C object CMakeFiles/first_interfaces__rosidl_typesupport_fastrtps_c__pyext.dir/rosidl_generator_py/first_interfaces/_first_interfaces_s.ep.rosidl_typesupport_fastrtps_c.c.o[0m
[3.788s] [ 93%] [32m[1mLinking C shared library rosidl_generator_py/first_interfaces/first_interfaces_s__rosidl_typesupport_c.cpython-38-x86_64-linux-gnu.so[0m
[3.795s] [ 96%] [32m[1mLinking C shared library rosidl_generator_py/first_interfaces/first_interfaces_s__rosidl_typesupport_introspection_c.cpython-38-x86_64-linux-gnu.so[0m
[3.808s] [100%] [32m[1mLinking CXX shared library rosidl_generator_py/first_interfaces/first_interfaces_s__rosidl_typesupport_fastrtps_c.cpython-38-x86_64-linux-gnu.so[0m
[3.843s] [100%] Built target first_interfaces__rosidl_typesupport_c__pyext
[3.847s] [100%] Built target first_interfaces__rosidl_typesupport_introspection_c__pyext
[3.884s] [100%] Built target first_interfaces__rosidl_typesupport_fastrtps_c__pyext
[3.902s] Invoked command in '/home/athens/ros2_athens_ws/build/first_interfaces' returned '0': CMAKE_PREFIX_PATH=${CMAKE_PREFIX_PATH}:/home/athens/ros2_athens_ws/install/first_package:/home/athens/ros2_ws/install/stm_visualization_node:/home/athens/ros2_ws/install/stm_setup:/home/athens/ros2_ws/install/stm_serial_node:/home/athens/ros2_ws/install/stm_control_node:/opt/ros/foxy /usr/bin/cmake --build /home/athens/ros2_athens_ws/build/first_interfaces -- -j6 -l6
[4.048s] Invoking command in '/home/athens/ros2_athens_ws/build/first_interfaces': CMAKE_PREFIX_PATH=${CMAKE_PREFIX_PATH}:/home/athens/ros2_athens_ws/install/first_package:/home/athens/ros2_ws/install/stm_visualization_node:/home/athens/ros2_ws/install/stm_setup:/home/athens/ros2_ws/install/stm_serial_node:/home/athens/ros2_ws/install/stm_control_node:/opt/ros/foxy /usr/bin/cmake --install /home/athens/ros2_athens_ws/build/first_interfaces
[4.056s] -- Install configuration: ""
[4.056s] -- Up-to-date: /home/athens/ros2_athens_ws/install/first_interfaces/share/ament_index/resource_index/rosidl_interfaces/first_interfaces
[4.056s] -- Up-to-date: /home/athens/ros2_athens_ws/install/first_interfaces/include/first_interfaces
[4.056s] -- Up-to-date: /home/athens/ros2_athens_ws/install/first_interfaces/include/first_interfaces/msg
[4.056s] -- Up-to-date: /home/athens/ros2_athens_ws/install/first_interfaces/include/first_interfaces/msg/detail
[4.057s] -- Installing: /home/athens/ros2_athens_ws/install/first_interfaces/include/first_interfaces/msg/detail/first_message__functions.h
[4.059s] -- Installing: /home/athens/ros2_athens_ws/install/first_interfaces/include/first_interfaces/msg/detail/first_message__type_support.h
[4.059s] -- Installing: /home/athens/ros2_athens_ws/install/first_interfaces/include/first_interfaces/msg/detail/first_message__functions.c
[4.059s] -- Installing: /home/athens/ros2_athens_ws/install/first_interfaces/include/first_interfaces/msg/detail/first_message__struct.h
[4.059s] -- Installing: /home/athens/ros2_athens_ws/install/first_interfaces/include/first_interfaces/msg/first_message.h
[4.059s] -- Up-to-date: /home/athens/ros2_athens_ws/install/first_interfaces/include/first_interfaces/msg/rosidl_generator_c__visibility_control.h
[4.059s] -- Up-to-date: /home/athens/ros2_athens_ws/install/first_interfaces/share/first_interfaces/environment/library_path.sh
[4.059s] -- Installing: /home/athens/ros2_athens_ws/install/first_interfaces/share/first_interfaces/environment/library_path.dsv
[4.060s] -- Installing: /home/athens/ros2_athens_ws/install/first_interfaces/lib/libfirst_interfaces__rosidl_generator_c.so
[4.060s] -- Set runtime path of "/home/athens/ros2_athens_ws/install/first_interfaces/lib/libfirst_interfaces__rosidl_generator_c.so" to ""
[4.060s] -- Up-to-date: /home/athens/ros2_athens_ws/install/first_interfaces/include/first_interfaces
[4.060s] -- Up-to-date: /home/athens/ros2_athens_ws/install/first_interfaces/include/first_interfaces/msg
[4.060s] -- Up-to-date: /home/athens/ros2_athens_ws/install/first_interfaces/include/first_interfaces/msg/detail
[4.060s] -- Installing: /home/athens/ros2_athens_ws/install/first_interfaces/include/first_interfaces/msg/detail/first_message__rosidl_typesupport_fastrtps_c.h
[4.060s] -- Up-to-date: /home/athens/ros2_athens_ws/install/first_interfaces/include/first_interfaces/msg/rosidl_typesupport_fastrtps_c__visibility_control.h
[4.060s] -- Installing: /home/athens/ros2_athens_ws/install/first_interfaces/lib/libfirst_interfaces__rosidl_typesupport_fastrtps_c.so
[4.060s] -- Set runtime path of "/home/athens/ros2_athens_ws/install/first_interfaces/lib/libfirst_interfaces__rosidl_typesupport_fastrtps_c.so" to ""
[4.060s] -- Up-to-date: /home/athens/ros2_athens_ws/install/first_interfaces/include/first_interfaces
[4.060s] -- Up-to-date: /home/athens/ros2_athens_ws/install/first_interfaces/include/first_interfaces/msg
[4.060s] -- Up-to-date: /home/athens/ros2_athens_ws/install/first_interfaces/include/first_interfaces/msg/detail
[4.061s] -- Up-to-date: /home/athens/ros2_athens_ws/install/first_interfaces/include/first_interfaces/msg/detail/dds_fastrtps
[4.061s] -- Installing: /home/athens/ros2_athens_ws/install/first_interfaces/include/first_interfaces/msg/detail/first_message__rosidl_typesupport_fastrtps_cpp.hpp
[4.061s] -- Up-to-date: /home/athens/ros2_athens_ws/install/first_interfaces/include/first_interfaces/msg/rosidl_typesupport_fastrtps_cpp__visibility_control.h
[4.061s] -- Installing: /home/athens/ros2_athens_ws/install/first_interfaces/lib/libfirst_interfaces__rosidl_typesupport_fastrtps_cpp.so
[4.061s] -- Set runtime path of "/home/athens/ros2_athens_ws/install/first_interfaces/lib/libfirst_interfaces__rosidl_typesupport_fastrtps_cpp.so" to ""
[4.061s] -- Up-to-date: /home/athens/ros2_athens_ws/install/first_interfaces/include/first_interfaces
[4.061s] -- Up-to-date: /home/athens/ros2_athens_ws/install/first_interfaces/include/first_interfaces/msg
[4.061s] -- Up-to-date: /home/athens/ros2_athens_ws/install/first_interfaces/include/first_interfaces/msg/detail
[4.061s] -- Installing: /home/athens/ros2_athens_ws/install/first_interfaces/include/first_interfaces/msg/detail/first_message__rosidl_typesupport_introspection_c.h
[4.061s] -- Installing: /home/athens/ros2_athens_ws/install/first_interfaces/include/first_interfaces/msg/detail/first_message__type_support.c
[4.061s] -- Up-to-date: /home/athens/ros2_athens_ws/install/first_interfaces/include/first_interfaces/msg/rosidl_typesupport_introspection_c__visibility_control.h
[4.061s] -- Installing: /home/athens/ros2_athens_ws/install/first_interfaces/lib/libfirst_interfaces__rosidl_typesupport_introspection_c.so
[4.061s] -- Set runtime path of "/home/athens/ros2_athens_ws/install/first_interfaces/lib/libfirst_interfaces__rosidl_typesupport_introspection_c.so" to ""
[4.062s] -- Installing: /home/athens/ros2_athens_ws/install/first_interfaces/lib/libfirst_interfaces__rosidl_typesupport_c.so
[4.062s] -- Set runtime path of "/home/athens/ros2_athens_ws/install/first_interfaces/lib/libfirst_interfaces__rosidl_typesupport_c.so" to ""
[4.062s] -- Up-to-date: /home/athens/ros2_athens_ws/install/first_interfaces/include/first_interfaces
[4.062s] -- Up-to-date: /home/athens/ros2_athens_ws/install/first_interfaces/include/first_interfaces/msg
[4.062s] -- Up-to-date: /home/athens/ros2_athens_ws/install/first_interfaces/include/first_interfaces/msg/detail
[4.062s] -- Installing: /home/athens/ros2_athens_ws/install/first_interfaces/include/first_interfaces/msg/detail/first_message__builder.hpp
[4.062s] -- Installing: /home/athens/ros2_athens_ws/install/first_interfaces/include/first_interfaces/msg/detail/first_message__struct.hpp
[4.063s] -- Installing: /home/athens/ros2_athens_ws/install/first_interfaces/include/first_interfaces/msg/detail/first_message__type_support.hpp
[4.063s] -- Installing: /home/athens/ros2_athens_ws/install/first_interfaces/include/first_interfaces/msg/detail/first_message__traits.hpp
[4.063s] -- Up-to-date: /home/athens/ros2_athens_ws/install/first_interfaces/include/first_interfaces/msg/rosidl_generator_cpp__visibility_control.hpp
[4.063s] -- Installing: /home/athens/ros2_athens_ws/install/first_interfaces/include/first_interfaces/msg/first_message.hpp
[4.063s] -- Up-to-date: /home/athens/ros2_athens_ws/install/first_interfaces/include/first_interfaces
[4.063s] -- Up-to-date: /home/athens/ros2_athens_ws/install/first_interfaces/include/first_interfaces/msg
[4.063s] -- Up-to-date: /home/athens/ros2_athens_ws/install/first_interfaces/include/first_interfaces/msg/detail
[4.063s] -- Installing: /home/athens/ros2_athens_ws/install/first_interfaces/include/first_interfaces/msg/detail/first_message__rosidl_typesupport_introspection_cpp.hpp
[4.063s] -- Installing: /home/athens/ros2_athens_ws/install/first_interfaces/include/first_interfaces/msg/detail/first_message__type_support.cpp
[4.063s] -- Installing: /home/athens/ros2_athens_ws/install/first_interfaces/lib/libfirst_interfaces__rosidl_typesupport_introspection_cpp.so
[4.063s] -- Set runtime path of "/home/athens/ros2_athens_ws/install/first_interfaces/lib/libfirst_interfaces__rosidl_typesupport_introspection_cpp.so" to ""
[4.063s] -- Installing: /home/athens/ros2_athens_ws/install/first_interfaces/lib/libfirst_interfaces__rosidl_typesupport_cpp.so
[4.063s] -- Set runtime path of "/home/athens/ros2_athens_ws/install/first_interfaces/lib/libfirst_interfaces__rosidl_typesupport_cpp.so" to ""
[4.063s] -- Up-to-date: /home/athens/ros2_athens_ws/install/first_interfaces/share/first_interfaces/environment/pythonpath.sh
[4.063s] -- Installing: /home/athens/ros2_athens_ws/install/first_interfaces/share/first_interfaces/environment/pythonpath.dsv
[4.063s] -- Installing: /home/athens/ros2_athens_ws/install/first_interfaces/lib/python3.8/site-packages/first_interfaces/__init__.py
[4.103s] Compiling '/home/athens/ros2_athens_ws/install/first_interfaces/lib/python3.8/site-packages/first_interfaces/__init__.py'...
[4.107s] -- Up-to-date: /home/athens/ros2_athens_ws/install/first_interfaces/lib/python3.8/site-packages/first_interfaces/msg
[4.107s] -- Installing: /home/athens/ros2_athens_ws/install/first_interfaces/lib/python3.8/site-packages/first_interfaces/msg/_first_message.py
[4.107s] -- Installing: /home/athens/ros2_athens_ws/install/first_interfaces/lib/python3.8/site-packages/first_interfaces/msg/_first_message_s.c
[4.109s] -- Installing: /home/athens/ros2_athens_ws/install/first_interfaces/lib/python3.8/site-packages/first_interfaces/msg/__init__.py
[4.109s] -- Installing: /home/athens/ros2_athens_ws/install/first_interfaces/lib/python3.8/site-packages/first_interfaces/first_interfaces_s__rosidl_typesupport_fastrtps_c.cpython-38-x86_64-linux-gnu.so
[4.109s] -- Set runtime path of "/home/athens/ros2_athens_ws/install/first_interfaces/lib/python3.8/site-packages/first_interfaces/first_interfaces_s__rosidl_typesupport_fastrtps_c.cpython-38-x86_64-linux-gnu.so" to ""
[4.109s] -- Installing: /home/athens/ros2_athens_ws/install/first_interfaces/lib/python3.8/site-packages/first_interfaces/first_interfaces_s__rosidl_typesupport_introspection_c.cpython-38-x86_64-linux-gnu.so
[4.110s] -- Set runtime path of "/home/athens/ros2_athens_ws/install/first_interfaces/lib/python3.8/site-packages/first_interfaces/first_interfaces_s__rosidl_typesupport_introspection_c.cpython-38-x86_64-linux-gnu.so" to ""
[4.110s] -- Installing: /home/athens/ros2_athens_ws/install/first_interfaces/lib/python3.8/site-packages/first_interfaces/first_interfaces_s__rosidl_typesupport_c.cpython-38-x86_64-linux-gnu.so
[4.111s] -- Set runtime path of "/home/athens/ros2_athens_ws/install/first_interfaces/lib/python3.8/site-packages/first_interfaces/first_interfaces_s__rosidl_typesupport_c.cpython-38-x86_64-linux-gnu.so" to ""
[4.111s] -- Installing: /home/athens/ros2_athens_ws/install/first_interfaces/lib/libfirst_interfaces__python.so
[4.111s] -- Set runtime path of "/home/athens/ros2_athens_ws/install/first_interfaces/lib/libfirst_interfaces__python.so" to ""
[4.111s] -- Installing: /home/athens/ros2_athens_ws/install/first_interfaces/share/first_interfaces/msg/FirstMessage.idl
[4.112s] -- Installing: /home/athens/ros2_athens_ws/install/first_interfaces/share/first_interfaces/msg/FirstMessage.msg
[4.112s] -- Up-to-date: /home/athens/ros2_athens_ws/install/first_interfaces/share/ament_index/resource_index/package_run_dependencies/first_interfaces
[4.112s] -- Up-to-date: /home/athens/ros2_athens_ws/install/first_interfaces/share/ament_index/resource_index/parent_prefix_path/first_interfaces
[4.113s] -- Up-to-date: /home/athens/ros2_athens_ws/install/first_interfaces/share/first_interfaces/environment/ament_prefix_path.sh
[4.113s] -- Installing: /home/athens/ros2_athens_ws/install/first_interfaces/share/first_interfaces/environment/ament_prefix_path.dsv
[4.113s] -- Up-to-date: /home/athens/ros2_athens_ws/install/first_interfaces/share/first_interfaces/environment/path.sh
[4.113s] -- Installing: /home/athens/ros2_athens_ws/install/first_interfaces/share/first_interfaces/environment/path.dsv
[4.113s] -- Up-to-date: /home/athens/ros2_athens_ws/install/first_interfaces/share/first_interfaces/local_setup.bash
[4.113s] -- Up-to-date: /home/athens/ros2_athens_ws/install/first_interfaces/share/first_interfaces/local_setup.sh
[4.113s] -- Up-to-date: /home/athens/ros2_athens_ws/install/first_interfaces/share/first_interfaces/local_setup.zsh
[4.113s] -- Installing: /home/athens/ros2_athens_ws/install/first_interfaces/share/first_interfaces/local_setup.dsv
[4.113s] -- Installing: /home/athens/ros2_athens_ws/install/first_interfaces/share/first_interfaces/package.dsv
[4.113s] -- Up-to-date: /home/athens/ros2_athens_ws/install/first_interfaces/share/ament_index/resource_index/packages/first_interfaces
[4.113s] -- Up-to-date: /home/athens/ros2_athens_ws/install/first_interfaces/share/first_interfaces/cmake/first_interfaces__rosidl_generator_cExport.cmake
[4.113s] -- Installing: /home/athens/ros2_athens_ws/install/first_interfaces/share/first_interfaces/cmake/first_interfaces__rosidl_generator_cExport-noconfig.cmake
[4.114s] -- Up-to-date: /home/athens/ros2_athens_ws/install/first_interfaces/share/first_interfaces/cmake/first_interfaces__rosidl_typesupport_introspection_cExport.cmake
[4.114s] -- Installing: /home/athens/ros2_athens_ws/install/first_interfaces/share/first_interfaces/cmake/first_interfaces__rosidl_typesupport_introspection_cExport-noconfig.cmake
[4.114s] -- Up-to-date: /home/athens/ros2_athens_ws/install/first_interfaces/share/first_interfaces/cmake/first_interfaces__rosidl_typesupport_cExport.cmake
[4.114s] -- Installing: /home/athens/ros2_athens_ws/install/first_interfaces/share/first_interfaces/cmake/first_interfaces__rosidl_typesupport_cExport-noconfig.cmake
[4.118s] -- Up-to-date: /home/athens/ros2_athens_ws/install/first_interfaces/share/first_interfaces/cmake/first_interfaces__rosidl_generator_cppExport.cmake
[4.119s] -- Up-to-date: /home/athens/ros2_athens_ws/install/first_interfaces/share/first_interfaces/cmake/first_interfaces__rosidl_typesupport_introspection_cppExport.cmake
[4.119s] -- Installing: /home/athens/ros2_athens_ws/install/first_interfaces/share/first_interfaces/cmake/first_interfaces__rosidl_typesupport_introspection_cppExport-noconfig.cmake
[4.119s] -- Up-to-date: /home/athens/ros2_athens_ws/install/first_interfaces/share/first_interfaces/cmake/first_interfaces__rosidl_typesupport_cppExport.cmake
[4.120s] -- Installing: /home/athens/ros2_athens_ws/install/first_interfaces/share/first_interfaces/cmake/first_interfaces__rosidl_typesupport_cppExport-noconfig.cmake
[4.120s] -- Up-to-date: /home/athens/ros2_athens_ws/install/first_interfaces/share/first_interfaces/cmake/rosidl_cmake-extras.cmake
[4.122s] -- Up-to-date: /home/athens/ros2_athens_ws/install/first_interfaces/share/first_interfaces/cmake/ament_cmake_export_dependencies-extras.cmake
[4.123s] -- Up-to-date: /home/athens/ros2_athens_ws/install/first_interfaces/share/first_interfaces/cmake/ament_cmake_export_libraries-extras.cmake
[4.123s] -- Up-to-date: /home/athens/ros2_athens_ws/install/first_interfaces/share/first_interfaces/cmake/ament_cmake_export_targets-extras.cmake
[4.124s] -- Up-to-date: /home/athens/ros2_athens_ws/install/first_interfaces/share/first_interfaces/cmake/ament_cmake_export_include_directories-extras.cmake
[4.124s] -- Up-to-date: /home/athens/ros2_athens_ws/install/first_interfaces/share/first_interfaces/cmake/rosidl_cmake_export_typesupport_libraries-extras.cmake
[4.124s] -- Up-to-date: /home/athens/ros2_athens_ws/install/first_interfaces/share/first_interfaces/cmake/rosidl_cmake_export_typesupport_targets-extras.cmake
[4.124s] -- Up-to-date: /home/athens/ros2_athens_ws/install/first_interfaces/share/first_interfaces/cmake/first_interfacesConfig.cmake
[4.124s] -- Up-to-date: /home/athens/ros2_athens_ws/install/first_interfaces/share/first_interfaces/cmake/first_interfacesConfig-version.cmake
[4.125s] -- Up-to-date: /home/athens/ros2_athens_ws/install/first_interfaces/share/first_interfaces/package.xml
[4.125s] Invoked command in '/home/athens/ros2_athens_ws/build/first_interfaces' returned '0': CMAKE_PREFIX_PATH=${CMAKE_PREFIX_PATH}:/home/athens/ros2_athens_ws/install/first_package:/home/athens/ros2_ws/install/stm_visualization_node:/home/athens/ros2_ws/install/stm_setup:/home/athens/ros2_ws/install/stm_serial_node:/home/athens/ros2_ws/install/stm_control_node:/opt/ros/foxy /usr/bin/cmake --install /home/athens/ros2_athens_ws/build/first_interfaces
